{"/home/yannig-dev/Documents/OrienteeringApp/frontend/src/App.tsx": {"path":"/home/yannig-dev/Documents/OrienteeringApp/frontend/src/App.tsx","statementMap":{"0":{"start":{"line":18,"column":14},"end":{"line":18,"column":56}},"1":{"start":{"line":20,"column":12},"end":{"line":99,"column":1}},"2":{"start":{"line":21,"column":28},"end":{"line":21,"column":44}},"3":{"start":{"line":22,"column":44},"end":{"line":22,"column":58}},"4":{"start":{"line":23,"column":40},"end":{"line":23,"column":78}},"5":{"start":{"line":26,"column":2},"end":{"line":30,"column":41}},"6":{"start":{"line":27,"column":4},"end":{"line":29,"column":5}},"7":{"start":{"line":28,"column":6},"end":{"line":28,"column":51}},"8":{"start":{"line":32,"column":16},"end":{"line":32,"column":52}},"9":{"start":{"line":34,"column":22},"end":{"line":37,"column":3}},"10":{"start":{"line":35,"column":4},"end":{"line":35,"column":28}},"11":{"start":{"line":36,"column":4},"end":{"line":36,"column":34}},"12":{"start":{"line":36,"column":27},"end":{"line":36,"column":32}},"13":{"start":{"line":39,"column":2},"end":{"line":98,"column":4}},"14":{"start":{"line":43,"column":23},"end":{"line":43,"column":60}},"15":{"start":{"line":63,"column":16},"end":{"line":69,"column":18}},"16":{"start":{"line":81,"column":44},"end":{"line":92,"column":15}},"17":{"start":{"line":84,"column":18},"end":{"line":90,"column":20}},"18":{"start":{"line":88,"column":35},"end":{"line":88,"column":54}},"19":{"start":{"line":101,"column":15},"end":{"line":111,"column":2}}},"fnMap":{"0":{"name":"(anonymous_0)","decl":{"start":{"line":20,"column":12},"end":{"line":20,"column":13}},"loc":{"start":{"line":20,"column":18},"end":{"line":99,"column":1}},"line":20},"1":{"name":"(anonymous_1)","decl":{"start":{"line":26,"column":12},"end":{"line":26,"column":13}},"loc":{"start":{"line":26,"column":18},"end":{"line":30,"column":3}},"line":26},"2":{"name":"(anonymous_2)","decl":{"start":{"line":34,"column":22},"end":{"line":34,"column":23}},"loc":{"start":{"line":34,"column":28},"end":{"line":37,"column":3}},"line":34},"3":{"name":"(anonymous_3)","decl":{"start":{"line":36,"column":19},"end":{"line":36,"column":20}},"loc":{"start":{"line":36,"column":27},"end":{"line":36,"column":32}},"line":36},"4":{"name":"(anonymous_4)","decl":{"start":{"line":43,"column":14},"end":{"line":43,"column":15}},"loc":{"start":{"line":43,"column":23},"end":{"line":43,"column":60}},"line":43},"5":{"name":"(anonymous_5)","decl":{"start":{"line":62,"column":27},"end":{"line":62,"column":28}},"loc":{"start":{"line":63,"column":16},"end":{"line":69,"column":18}},"line":63},"6":{"name":"(anonymous_6)","decl":{"start":{"line":81,"column":23},"end":{"line":81,"column":24}},"loc":{"start":{"line":81,"column":44},"end":{"line":92,"column":15}},"line":81},"7":{"name":"(anonymous_7)","decl":{"start":{"line":83,"column":28},"end":{"line":83,"column":29}},"loc":{"start":{"line":84,"column":18},"end":{"line":90,"column":20}},"line":84},"8":{"name":"(anonymous_8)","decl":{"start":{"line":88,"column":29},"end":{"line":88,"column":30}},"loc":{"start":{"line":88,"column":35},"end":{"line":88,"column":54}},"line":88}},"branchMap":{"0":{"loc":{"start":{"line":27,"column":4},"end":{"line":29,"column":5}},"type":"if","locations":[{"start":{"line":27,"column":4},"end":{"line":29,"column":5}},{"start":{},"end":{}}],"line":27},"1":{"loc":{"start":{"line":32,"column":16},"end":{"line":32,"column":52}},"type":"cond-expr","locations":[{"start":{"line":32,"column":30},"end":{"line":32,"column":39}},{"start":{"line":32,"column":42},"end":{"line":32,"column":52}}],"line":32},"2":{"loc":{"start":{"line":49,"column":22},"end":{"line":49,"column":68}},"type":"cond-expr","locations":[{"start":{"line":49,"column":36},"end":{"line":49,"column":51}},{"start":{"line":49,"column":54},"end":{"line":49,"column":68}}],"line":49},"3":{"loc":{"start":{"line":64,"column":24},"end":{"line":64,"column":52}},"type":"cond-expr","locations":[{"start":{"line":64,"column":38},"end":{"line":64,"column":44}},{"start":{"line":64,"column":47},"end":{"line":64,"column":52}}],"line":64}},"s":{"0":0,"1":0,"2":0,"3":0,"4":0,"5":0,"6":0,"7":0,"8":0,"9":0,"10":0,"11":0,"12":0,"13":0,"14":0,"15":0,"16":0,"17":0,"18":0,"19":0},"f":{"0":0,"1":0,"2":0,"3":0,"4":0,"5":0,"6":0,"7":0,"8":0},"b":{"0":[0,0],"1":[0,0],"2":[0,0],"3":[0,0]}}
,"/home/yannig-dev/Documents/OrienteeringApp/frontend/src/components/SymbolCard.tsx": {"path":"/home/yannig-dev/Documents/OrienteeringApp/frontend/src/components/SymbolCard.tsx","statementMap":{"0":{"start":{"line":12,"column":46},"end":{"line":41,"column":1}},"1":{"start":{"line":13,"column":2},"end":{"line":40,"column":4}},"2":{"start":{"line":43,"column":15},"end":{"line":75,"column":2}}},"fnMap":{"0":{"name":"(anonymous_0)","decl":{"start":{"line":12,"column":46},"end":{"line":12,"column":47}},"loc":{"start":{"line":12,"column":78},"end":{"line":41,"column":1}},"line":12}},"branchMap":{"0":{"loc":{"start":{"line":22,"column":14},"end":{"line":24,"column":74}},"type":"cond-expr","locations":[{"start":{"line":23,"column":18},"end":{"line":23,"column":39}},{"start":{"line":24,"column":18},"end":{"line":24,"column":74}}],"line":22},"1":{"loc":{"start":{"line":32,"column":11},"end":{"line":36,"column":11}},"type":"binary-expr","locations":[{"start":{"line":32,"column":11},"end":{"line":32,"column":29}},{"start":{"line":33,"column":12},"end":{"line":35,"column":24}}],"line":32}},"s":{"0":0,"1":0,"2":0},"f":{"0":0},"b":{"0":[0,0],"1":[0,0]}}
,"/home/yannig-dev/Documents/OrienteeringApp/frontend/src/screens/QuizScreen.tsx": {"path":"/home/yannig-dev/Documents/OrienteeringApp/frontend/src/screens/QuizScreen.tsx","statementMap":{"0":{"start":{"line":29,"column":27},"end":{"line":31,"column":1}},"1":{"start":{"line":30,"column":2},"end":{"line":30,"column":71}},"2":{"start":{"line":30,"column":42},"end":{"line":30,"column":62}},"3":{"start":{"line":33,"column":28},"end":{"line":35,"column":1}},"4":{"start":{"line":34,"column":2},"end":{"line":34,"column":32}},"5":{"start":{"line":61,"column":4},"end":{"line":61,"column":17}},"6":{"start":{"line":62,"column":4},"end":{"line":76,"column":6}},"7":{"start":{"line":80,"column":4},"end":{"line":80,"column":22}},"8":{"start":{"line":83,"column":15},"end":{"line":87,"column":3}},"9":{"start":{"line":84,"column":4},"end":{"line":86,"column":5}},"10":{"start":{"line":85,"column":6},"end":{"line":85,"column":46}},"11":{"start":{"line":89,"column":18},"end":{"line":143,"column":3}},"12":{"start":{"line":90,"column":42},"end":{"line":90,"column":52}},"13":{"start":{"line":93,"column":4},"end":{"line":93,"column":37}},"14":{"start":{"line":95,"column":4},"end":{"line":142,"column":5}},"15":{"start":{"line":98,"column":8},"end":{"line":99,"column":52}},"16":{"start":{"line":102,"column":26},"end":{"line":102,"column":28}},"17":{"start":{"line":103,"column":6},"end":{"line":107,"column":7}},"18":{"start":{"line":104,"column":8},"end":{"line":104,"column":27}},"19":{"start":{"line":105,"column":13},"end":{"line":107,"column":7}},"20":{"start":{"line":106,"column":8},"end":{"line":106,"column":27}},"21":{"start":{"line":110,"column":24},"end":{"line":110,"column":80}},"22":{"start":{"line":113,"column":30},"end":{"line":113,"column":58}},"23":{"start":{"line":114,"column":6},"end":{"line":116,"column":7}},"24":{"start":{"line":115,"column":8},"end":{"line":115,"column":70}},"25":{"start":{"line":119,"column":34},"end":{"line":119,"column":74}},"26":{"start":{"line":122,"column":6},"end":{"line":138,"column":9}},"27":{"start":{"line":137,"column":8},"end":{"line":137,"column":26}},"28":{"start":{"line":140,"column":6},"end":{"line":140,"column":55}},"29":{"start":{"line":141,"column":6},"end":{"line":141,"column":40}},"30":{"start":{"line":145,"column":27},"end":{"line":147,"column":3}},"31":{"start":{"line":146,"column":4},"end":{"line":146,"column":49}},"32":{"start":{"line":149,"column":23},"end":{"line":151,"column":3}},"33":{"start":{"line":150,"column":4},"end":{"line":150,"column":45}},"34":{"start":{"line":153,"column":23},"end":{"line":167,"column":3}},"35":{"start":{"line":154,"column":71},"end":{"line":154,"column":81}},"36":{"start":{"line":156,"column":4},"end":{"line":156,"column":32}},"37":{"start":{"line":156,"column":25},"end":{"line":156,"column":32}},"38":{"start":{"line":158,"column":28},"end":{"line":158,"column":59}},"39":{"start":{"line":159,"column":22},"end":{"line":159,"column":70}},"40":{"start":{"line":161,"column":4},"end":{"line":164,"column":7}},"41":{"start":{"line":166,"column":4},"end":{"line":166,"column":22}},"42":{"start":{"line":169,"column":17},"end":{"line":172,"column":3}},"43":{"start":{"line":170,"column":4},"end":{"line":170,"column":63}},"44":{"start":{"line":171,"column":4},"end":{"line":171,"column":22}},"45":{"start":{"line":174,"column":23},"end":{"line":193,"column":3}},"46":{"start":{"line":175,"column":48},"end":{"line":175,"column":58}},"47":{"start":{"line":177,"column":4},"end":{"line":192,"column":5}},"48":{"start":{"line":179,"column":6},"end":{"line":181,"column":9}},"49":{"start":{"line":184,"column":6},"end":{"line":191,"column":9}},"50":{"start":{"line":190,"column":8},"end":{"line":190,"column":26}},"51":{"start":{"line":195,"column":22},"end":{"line":208,"column":3}},"52":{"start":{"line":196,"column":4},"end":{"line":207,"column":7}},"53":{"start":{"line":210,"column":24},"end":{"line":220,"column":3}},"54":{"start":{"line":211,"column":4},"end":{"line":219,"column":7}},"55":{"start":{"line":212,"column":25},"end":{"line":212,"column":63}},"56":{"start":{"line":214,"column":6},"end":{"line":218,"column":8}},"57":{"start":{"line":216,"column":48},"end":{"line":216,"column":58}},"58":{"start":{"line":222,"column":23},"end":{"line":224,"column":3}},"59":{"start":{"line":223,"column":4},"end":{"line":223,"column":41}},"60":{"start":{"line":226,"column":23},"end":{"line":290,"column":3}},"61":{"start":{"line":227,"column":30},"end":{"line":227,"column":40}},"62":{"start":{"line":228,"column":22},"end":{"line":228,"column":32}},"63":{"start":{"line":229,"column":21},"end":{"line":229,"column":40}},"64":{"start":{"line":230,"column":29},"end":{"line":230,"column":50}},"65":{"start":{"line":232,"column":23},"end":{"line":239,"column":5}},"66":{"start":{"line":233,"column":6},"end":{"line":238,"column":8}},"67":{"start":{"line":241,"column":4},"end":{"line":289,"column":6}},"68":{"start":{"line":247,"column":32},"end":{"line":247,"column":56}},"69":{"start":{"line":248,"column":12},"end":{"line":259,"column":14}},"70":{"start":{"line":252,"column":31},"end":{"line":252,"column":61}},"71":{"start":{"line":269,"column":14},"end":{"line":274,"column":16}},"72":{"start":{"line":284,"column":90},"end":{"line":284,"column":111}},"73":{"start":{"line":284,"column":130},"end":{"line":284,"column":135}},"74":{"start":{"line":285,"column":91},"end":{"line":285,"column":112}},"75":{"start":{"line":285,"column":131},"end":{"line":285,"column":136}},"76":{"start":{"line":292,"column":29},"end":{"line":336,"column":3}},"77":{"start":{"line":293,"column":27},"end":{"line":293,"column":37}},"78":{"start":{"line":294,"column":22},"end":{"line":294,"column":32}},"79":{"start":{"line":296,"column":23},"end":{"line":303,"column":5}},"80":{"start":{"line":297,"column":6},"end":{"line":302,"column":8}},"81":{"start":{"line":305,"column":4},"end":{"line":335,"column":6}},"82":{"start":{"line":311,"column":27},"end":{"line":311,"column":75}},"83":{"start":{"line":319,"column":27},"end":{"line":319,"column":77}},"84":{"start":{"line":327,"column":27},"end":{"line":327,"column":75}},"85":{"start":{"line":338,"column":15},"end":{"line":369,"column":3}},"86":{"start":{"line":339,"column":27},"end":{"line":339,"column":37}},"87":{"start":{"line":342,"column":4},"end":{"line":345,"column":5}},"88":{"start":{"line":343,"column":6},"end":{"line":343,"column":45}},"89":{"start":{"line":344,"column":6},"end":{"line":344,"column":13}},"90":{"start":{"line":348,"column":22},"end":{"line":348,"column":68}},"91":{"start":{"line":349,"column":4},"end":{"line":349,"column":48}},"92":{"start":{"line":352,"column":21},"end":{"line":366,"column":12}},"93":{"start":{"line":353,"column":6},"end":{"line":365,"column":9}},"94":{"start":{"line":354,"column":8},"end":{"line":354,"column":77}},"95":{"start":{"line":354,"column":46},"end":{"line":354,"column":77}},"96":{"start":{"line":356,"column":24},"end":{"line":356,"column":51}},"97":{"start":{"line":359,"column":8},"end":{"line":362,"column":9}},"98":{"start":{"line":360,"column":10},"end":{"line":360,"column":30}},"99":{"start":{"line":361,"column":10},"end":{"line":361,"column":38}},"100":{"start":{"line":364,"column":8},"end":{"line":364,"column":42}},"101":{"start":{"line":368,"column":4},"end":{"line":368,"column":47}},"102":{"start":{"line":371,"column":16},"end":{"line":409,"column":3}},"103":{"start":{"line":372,"column":42},"end":{"line":372,"column":52}},"104":{"start":{"line":373,"column":22},"end":{"line":373,"column":32}},"105":{"start":{"line":375,"column":4},"end":{"line":377,"column":5}},"106":{"start":{"line":376,"column":6},"end":{"line":376,"column":18}},"107":{"start":{"line":380,"column":28},"end":{"line":380,"column":72}},"108":{"start":{"line":381,"column":29},"end":{"line":381,"column":74}},"109":{"start":{"line":384,"column":25},"end":{"line":384,"column":34}},"110":{"start":{"line":386,"column":21},"end":{"line":386,"column":41}},"111":{"start":{"line":387,"column":4},"end":{"line":391,"column":5}},"112":{"start":{"line":388,"column":6},"end":{"line":388,"column":38}},"113":{"start":{"line":389,"column":11},"end":{"line":391,"column":5}},"114":{"start":{"line":390,"column":6},"end":{"line":390,"column":32}},"115":{"start":{"line":394,"column":20},"end":{"line":394,"column":66}},"116":{"start":{"line":395,"column":21},"end":{"line":395,"column":44}},"117":{"start":{"line":397,"column":4},"end":{"line":408,"column":6}},"118":{"start":{"line":411,"column":19},"end":{"line":550,"column":3}},"119":{"start":{"line":420,"column":8},"end":{"line":420,"column":18}},"120":{"start":{"line":421,"column":22},"end":{"line":421,"column":32}},"121":{"start":{"line":423,"column":4},"end":{"line":429,"column":5}},"122":{"start":{"line":424,"column":6},"end":{"line":428,"column":8}},"123":{"start":{"line":432,"column":32},"end":{"line":432,"column":34}},"124":{"start":{"line":433,"column":4},"end":{"line":437,"column":5}},"125":{"start":{"line":434,"column":6},"end":{"line":434,"column":33}},"126":{"start":{"line":435,"column":11},"end":{"line":437,"column":5}},"127":{"start":{"line":436,"column":6},"end":{"line":436,"column":33}},"128":{"start":{"line":439,"column":28},"end":{"line":439,"column":59}},"129":{"start":{"line":440,"column":19},"end":{"line":440,"column":58}},"130":{"start":{"line":442,"column":4},"end":{"line":448,"column":5}},"131":{"start":{"line":443,"column":6},"end":{"line":447,"column":8}},"132":{"start":{"line":450,"column":4},"end":{"line":549,"column":6}},"133":{"start":{"line":485,"column":12},"end":{"line":512,"column":19}},"134":{"start":{"line":552,"column":18},"end":{"line":646,"column":3}},"135":{"start":{"line":553,"column":60},"end":{"line":553,"column":70}},"136":{"start":{"line":554,"column":22},"end":{"line":554,"column":32}},"137":{"start":{"line":555,"column":23},"end":{"line":555,"column":67}},"138":{"start":{"line":557,"column":24},"end":{"line":557,"column":26}},"139":{"start":{"line":558,"column":4},"end":{"line":566,"column":5}},"140":{"start":{"line":559,"column":6},"end":{"line":559,"column":91}},"141":{"start":{"line":560,"column":11},"end":{"line":566,"column":5}},"142":{"start":{"line":561,"column":6},"end":{"line":561,"column":90}},"143":{"start":{"line":562,"column":11},"end":{"line":566,"column":5}},"144":{"start":{"line":563,"column":6},"end":{"line":563,"column":76}},"145":{"start":{"line":565,"column":6},"end":{"line":565,"column":82}},"146":{"start":{"line":569,"column":32},"end":{"line":569,"column":34}},"147":{"start":{"line":570,"column":4},"end":{"line":574,"column":5}},"148":{"start":{"line":571,"column":6},"end":{"line":571,"column":33}},"149":{"start":{"line":572,"column":11},"end":{"line":574,"column":5}},"150":{"start":{"line":573,"column":6},"end":{"line":573,"column":33}},"151":{"start":{"line":577,"column":20},"end":{"line":577,"column":31}},"152":{"start":{"line":578,"column":4},"end":{"line":582,"column":5}},"153":{"start":{"line":579,"column":6},"end":{"line":579,"column":44}},"154":{"start":{"line":580,"column":11},"end":{"line":582,"column":5}},"155":{"start":{"line":581,"column":6},"end":{"line":581,"column":44}},"156":{"start":{"line":584,"column":4},"end":{"line":645,"column":6}},"157":{"start":{"line":608,"column":54},"end":{"line":608,"column":74}},"158":{"start":{"line":629,"column":27},"end":{"line":629,"column":70}},"159":{"start":{"line":637,"column":27},"end":{"line":637,"column":74}},"160":{"start":{"line":649,"column":58},"end":{"line":649,"column":68}},"161":{"start":{"line":650,"column":22},"end":{"line":650,"column":32}},"162":{"start":{"line":652,"column":4},"end":{"line":659,"column":5}},"163":{"start":{"line":653,"column":6},"end":{"line":658,"column":8}},"164":{"start":{"line":661,"column":4},"end":{"line":688,"column":6}},"165":{"start":{"line":692,"column":15},"end":{"line":876,"column":2}}},"fnMap":{"0":{"name":"(anonymous_0)","decl":{"start":{"line":29,"column":27},"end":{"line":29,"column":28}},"loc":{"start":{"line":29,"column":53},"end":{"line":31,"column":1}},"line":29},"1":{"name":"(anonymous_1)","decl":{"start":{"line":30,"column":32},"end":{"line":30,"column":33}},"loc":{"start":{"line":30,"column":42},"end":{"line":30,"column":62}},"line":30},"2":{"name":"(anonymous_2)","decl":{"start":{"line":33,"column":28},"end":{"line":33,"column":29}},"loc":{"start":{"line":33,"column":42},"end":{"line":35,"column":1}},"line":33},"3":{"name":"(anonymous_3)","decl":{"start":{"line":60,"column":2},"end":{"line":60,"column":3}},"loc":{"start":{"line":60,"column":38},"end":{"line":77,"column":3}},"line":60},"4":{"name":"(anonymous_4)","decl":{"start":{"line":79,"column":2},"end":{"line":79,"column":3}},"loc":{"start":{"line":79,"column":25},"end":{"line":81,"column":3}},"line":79},"5":{"name":"(anonymous_5)","decl":{"start":{"line":83,"column":15},"end":{"line":83,"column":16}},"loc":{"start":{"line":83,"column":21},"end":{"line":87,"column":3}},"line":83},"6":{"name":"(anonymous_6)","decl":{"start":{"line":89,"column":18},"end":{"line":89,"column":19}},"loc":{"start":{"line":89,"column":30},"end":{"line":143,"column":3}},"line":89},"7":{"name":"(anonymous_7)","decl":{"start":{"line":135,"column":9},"end":{"line":135,"column":10}},"loc":{"start":{"line":135,"column":15},"end":{"line":138,"column":7}},"line":135},"8":{"name":"(anonymous_8)","decl":{"start":{"line":145,"column":27},"end":{"line":145,"column":28}},"loc":{"start":{"line":145,"column":62},"end":{"line":147,"column":3}},"line":145},"9":{"name":"(anonymous_9)","decl":{"start":{"line":149,"column":23},"end":{"line":149,"column":24}},"loc":{"start":{"line":149,"column":42},"end":{"line":151,"column":3}},"line":149},"10":{"name":"(anonymous_10)","decl":{"start":{"line":153,"column":23},"end":{"line":153,"column":24}},"loc":{"start":{"line":153,"column":29},"end":{"line":167,"column":3}},"line":153},"11":{"name":"(anonymous_11)","decl":{"start":{"line":169,"column":17},"end":{"line":169,"column":18}},"loc":{"start":{"line":169,"column":23},"end":{"line":172,"column":3}},"line":169},"12":{"name":"(anonymous_12)","decl":{"start":{"line":174,"column":23},"end":{"line":174,"column":24}},"loc":{"start":{"line":174,"column":29},"end":{"line":193,"column":3}},"line":174},"13":{"name":"(anonymous_13)","decl":{"start":{"line":189,"column":9},"end":{"line":189,"column":10}},"loc":{"start":{"line":189,"column":15},"end":{"line":191,"column":7}},"line":189},"14":{"name":"(anonymous_14)","decl":{"start":{"line":195,"column":22},"end":{"line":195,"column":23}},"loc":{"start":{"line":195,"column":28},"end":{"line":208,"column":3}},"line":195},"15":{"name":"(anonymous_15)","decl":{"start":{"line":210,"column":24},"end":{"line":210,"column":25}},"loc":{"start":{"line":210,"column":42},"end":{"line":220,"column":3}},"line":210},"16":{"name":"(anonymous_16)","decl":{"start":{"line":211,"column":18},"end":{"line":211,"column":19}},"loc":{"start":{"line":211,"column":31},"end":{"line":219,"column":5}},"line":211},"17":{"name":"(anonymous_17)","decl":{"start":{"line":216,"column":43},"end":{"line":216,"column":44}},"loc":{"start":{"line":216,"column":48},"end":{"line":216,"column":58}},"line":216},"18":{"name":"(anonymous_18)","decl":{"start":{"line":222,"column":23},"end":{"line":222,"column":24}},"loc":{"start":{"line":222,"column":29},"end":{"line":224,"column":3}},"line":222},"19":{"name":"(anonymous_19)","decl":{"start":{"line":226,"column":23},"end":{"line":226,"column":24}},"loc":{"start":{"line":226,"column":29},"end":{"line":290,"column":3}},"line":226},"20":{"name":"(anonymous_20)","decl":{"start":{"line":232,"column":23},"end":{"line":232,"column":24}},"loc":{"start":{"line":233,"column":6},"end":{"line":238,"column":8}},"line":233},"21":{"name":"(anonymous_21)","decl":{"start":{"line":246,"column":24},"end":{"line":246,"column":25}},"loc":{"start":{"line":246,"column":42},"end":{"line":260,"column":11}},"line":246},"22":{"name":"(anonymous_22)","decl":{"start":{"line":252,"column":25},"end":{"line":252,"column":26}},"loc":{"start":{"line":252,"column":31},"end":{"line":252,"column":61}},"line":252},"23":{"name":"(anonymous_23)","decl":{"start":{"line":268,"column":18},"end":{"line":268,"column":19}},"loc":{"start":{"line":269,"column":14},"end":{"line":274,"column":16}},"line":269},"24":{"name":"(anonymous_24)","decl":{"start":{"line":284,"column":85},"end":{"line":284,"column":86}},"loc":{"start":{"line":284,"column":90},"end":{"line":284,"column":111}},"line":284},"25":{"name":"(anonymous_25)","decl":{"start":{"line":284,"column":120},"end":{"line":284,"column":121}},"loc":{"start":{"line":284,"column":130},"end":{"line":284,"column":135}},"line":284},"26":{"name":"(anonymous_26)","decl":{"start":{"line":285,"column":86},"end":{"line":285,"column":87}},"loc":{"start":{"line":285,"column":91},"end":{"line":285,"column":112}},"line":285},"27":{"name":"(anonymous_27)","decl":{"start":{"line":285,"column":121},"end":{"line":285,"column":122}},"loc":{"start":{"line":285,"column":131},"end":{"line":285,"column":136}},"line":285},"28":{"name":"(anonymous_28)","decl":{"start":{"line":292,"column":29},"end":{"line":292,"column":30}},"loc":{"start":{"line":292,"column":35},"end":{"line":336,"column":3}},"line":292},"29":{"name":"(anonymous_29)","decl":{"start":{"line":296,"column":23},"end":{"line":296,"column":24}},"loc":{"start":{"line":297,"column":6},"end":{"line":302,"column":8}},"line":297},"30":{"name":"(anonymous_30)","decl":{"start":{"line":311,"column":21},"end":{"line":311,"column":22}},"loc":{"start":{"line":311,"column":27},"end":{"line":311,"column":75}},"line":311},"31":{"name":"(anonymous_31)","decl":{"start":{"line":319,"column":21},"end":{"line":319,"column":22}},"loc":{"start":{"line":319,"column":27},"end":{"line":319,"column":77}},"line":319},"32":{"name":"(anonymous_32)","decl":{"start":{"line":327,"column":21},"end":{"line":327,"column":22}},"loc":{"start":{"line":327,"column":27},"end":{"line":327,"column":75}},"line":327},"33":{"name":"(anonymous_33)","decl":{"start":{"line":338,"column":15},"end":{"line":338,"column":16}},"loc":{"start":{"line":338,"column":21},"end":{"line":369,"column":3}},"line":338},"34":{"name":"(anonymous_34)","decl":{"start":{"line":352,"column":33},"end":{"line":352,"column":34}},"loc":{"start":{"line":352,"column":39},"end":{"line":366,"column":5}},"line":352},"35":{"name":"(anonymous_35)","decl":{"start":{"line":353,"column":20},"end":{"line":353,"column":21}},"loc":{"start":{"line":353,"column":33},"end":{"line":365,"column":7}},"line":353},"36":{"name":"(anonymous_36)","decl":{"start":{"line":371,"column":16},"end":{"line":371,"column":17}},"loc":{"start":{"line":371,"column":22},"end":{"line":409,"column":3}},"line":371},"37":{"name":"(anonymous_37)","decl":{"start":{"line":411,"column":19},"end":{"line":411,"column":20}},"loc":{"start":{"line":411,"column":25},"end":{"line":550,"column":3}},"line":411},"38":{"name":"(anonymous_38)","decl":{"start":{"line":484,"column":39},"end":{"line":484,"column":40}},"loc":{"start":{"line":485,"column":12},"end":{"line":512,"column":19}},"line":485},"39":{"name":"(anonymous_39)","decl":{"start":{"line":552,"column":18},"end":{"line":552,"column":19}},"loc":{"start":{"line":552,"column":24},"end":{"line":646,"column":3}},"line":552},"40":{"name":"(anonymous_40)","decl":{"start":{"line":608,"column":49},"end":{"line":608,"column":50}},"loc":{"start":{"line":608,"column":54},"end":{"line":608,"column":74}},"line":608},"41":{"name":"(anonymous_41)","decl":{"start":{"line":629,"column":21},"end":{"line":629,"column":22}},"loc":{"start":{"line":629,"column":27},"end":{"line":629,"column":70}},"line":629},"42":{"name":"(anonymous_42)","decl":{"start":{"line":637,"column":21},"end":{"line":637,"column":22}},"loc":{"start":{"line":637,"column":27},"end":{"line":637,"column":74}},"line":637},"43":{"name":"(anonymous_43)","decl":{"start":{"line":648,"column":2},"end":{"line":648,"column":3}},"loc":{"start":{"line":648,"column":11},"end":{"line":689,"column":3}},"line":648}},"branchMap":{"0":{"loc":{"start":{"line":84,"column":4},"end":{"line":86,"column":5}},"type":"if","locations":[{"start":{"line":84,"column":4},"end":{"line":86,"column":5}},{"start":{},"end":{}}],"line":84},"1":{"loc":{"start":{"line":98,"column":8},"end":{"line":99,"column":52}},"type":"cond-expr","locations":[{"start":{"line":98,"column":45},"end":{"line":98,"column":46}},{"start":{"line":99,"column":8},"end":{"line":99,"column":52}}],"line":98},"2":{"loc":{"start":{"line":99,"column":8},"end":{"line":99,"column":52}},"type":"cond-expr","locations":[{"start":{"line":99,"column":47},"end":{"line":99,"column":48}},{"start":{"line":99,"column":51},"end":{"line":99,"column":52}}],"line":99},"3":{"loc":{"start":{"line":103,"column":6},"end":{"line":107,"column":7}},"type":"if","locations":[{"start":{"line":103,"column":6},"end":{"line":107,"column":7}},{"start":{"line":105,"column":13},"end":{"line":107,"column":7}}],"line":103},"4":{"loc":{"start":{"line":105,"column":13},"end":{"line":107,"column":7}},"type":"if","locations":[{"start":{"line":105,"column":13},"end":{"line":107,"column":7}},{"start":{},"end":{}}],"line":105},"5":{"loc":{"start":{"line":114,"column":6},"end":{"line":116,"column":7}},"type":"if","locations":[{"start":{"line":114,"column":6},"end":{"line":116,"column":7}},{"start":{},"end":{}}],"line":114},"6":{"loc":{"start":{"line":156,"column":4},"end":{"line":156,"column":32}},"type":"if","locations":[{"start":{"line":156,"column":4},"end":{"line":156,"column":32}},{"start":{},"end":{}}],"line":156},"7":{"loc":{"start":{"line":163,"column":13},"end":{"line":163,"column":42}},"type":"cond-expr","locations":[{"start":{"line":163,"column":25},"end":{"line":163,"column":34}},{"start":{"line":163,"column":37},"end":{"line":163,"column":42}}],"line":163},"8":{"loc":{"start":{"line":177,"column":4},"end":{"line":192,"column":5}},"type":"if","locations":[{"start":{"line":177,"column":4},"end":{"line":192,"column":5}},{"start":{"line":182,"column":11},"end":{"line":192,"column":5}}],"line":177},"9":{"loc":{"start":{"line":215,"column":23},"end":{"line":217,"column":46}},"type":"cond-expr","locations":[{"start":{"line":216,"column":12},"end":{"line":216,"column":59}},{"start":{"line":217,"column":12},"end":{"line":217,"column":46}}],"line":215},"10":{"loc":{"start":{"line":232,"column":45},"end":{"line":232,"column":62}},"type":"default-arg","locations":[{"start":{"line":232,"column":60},"end":{"line":232,"column":62}}],"line":232},"11":{"loc":{"start":{"line":234,"column":14},"end":{"line":234,"column":43}},"type":"cond-expr","locations":[{"start":{"line":234,"column":27},"end":{"line":234,"column":34}},{"start":{"line":234,"column":37},"end":{"line":234,"column":43}}],"line":234},"12":{"loc":{"start":{"line":281,"column":13},"end":{"line":285,"column":151}},"type":"cond-expr","locations":[{"start":{"line":282,"column":16},"end":{"line":282,"column":81}},{"start":{"line":283,"column":16},"end":{"line":285,"column":151}}],"line":281},"13":{"loc":{"start":{"line":283,"column":16},"end":{"line":285,"column":151}},"type":"cond-expr","locations":[{"start":{"line":284,"column":18},"end":{"line":284,"column":150}},{"start":{"line":285,"column":18},"end":{"line":285,"column":151}}],"line":283},"14":{"loc":{"start":{"line":296,"column":42},"end":{"line":296,"column":59}},"type":"default-arg","locations":[{"start":{"line":296,"column":57},"end":{"line":296,"column":59}}],"line":296},"15":{"loc":{"start":{"line":312,"column":33},"end":{"line":312,"column":121}},"type":"binary-expr","locations":[{"start":{"line":312,"column":33},"end":{"line":312,"column":67}},{"start":{"line":312,"column":71},"end":{"line":312,"column":121}}],"line":312},"16":{"loc":{"start":{"line":320,"column":33},"end":{"line":320,"column":123}},"type":"binary-expr","locations":[{"start":{"line":320,"column":33},"end":{"line":320,"column":69}},{"start":{"line":320,"column":73},"end":{"line":320,"column":123}}],"line":320},"17":{"loc":{"start":{"line":328,"column":33},"end":{"line":328,"column":121}},"type":"binary-expr","locations":[{"start":{"line":328,"column":33},"end":{"line":328,"column":67}},{"start":{"line":328,"column":71},"end":{"line":328,"column":121}}],"line":328},"18":{"loc":{"start":{"line":342,"column":4},"end":{"line":345,"column":5}},"type":"if","locations":[{"start":{"line":342,"column":4},"end":{"line":345,"column":5}},{"start":{},"end":{}}],"line":342},"19":{"loc":{"start":{"line":348,"column":22},"end":{"line":348,"column":68}},"type":"cond-expr","locations":[{"start":{"line":348,"column":61},"end":{"line":348,"column":63}},{"start":{"line":348,"column":66},"end":{"line":348,"column":68}}],"line":348},"20":{"loc":{"start":{"line":354,"column":8},"end":{"line":354,"column":77}},"type":"if","locations":[{"start":{"line":354,"column":8},"end":{"line":354,"column":77}},{"start":{},"end":{}}],"line":354},"21":{"loc":{"start":{"line":359,"column":8},"end":{"line":362,"column":9}},"type":"if","locations":[{"start":{"line":359,"column":8},"end":{"line":362,"column":9}},{"start":{},"end":{}}],"line":359},"22":{"loc":{"start":{"line":375,"column":4},"end":{"line":377,"column":5}},"type":"if","locations":[{"start":{"line":375,"column":4},"end":{"line":377,"column":5}},{"start":{},"end":{}}],"line":375},"23":{"loc":{"start":{"line":375,"column":8},"end":{"line":375,"column":68}},"type":"binary-expr","locations":[{"start":{"line":375,"column":8},"end":{"line":375,"column":42}},{"start":{"line":375,"column":46},"end":{"line":375,"column":68}}],"line":375},"24":{"loc":{"start":{"line":380,"column":28},"end":{"line":380,"column":72}},"type":"cond-expr","locations":[{"start":{"line":380,"column":67},"end":{"line":380,"column":68}},{"start":{"line":380,"column":71},"end":{"line":380,"column":72}}],"line":380},"25":{"loc":{"start":{"line":381,"column":29},"end":{"line":381,"column":74}},"type":"cond-expr","locations":[{"start":{"line":381,"column":68},"end":{"line":381,"column":70}},{"start":{"line":381,"column":73},"end":{"line":381,"column":74}}],"line":381},"26":{"loc":{"start":{"line":387,"column":4},"end":{"line":391,"column":5}},"type":"if","locations":[{"start":{"line":387,"column":4},"end":{"line":391,"column":5}},{"start":{"line":389,"column":11},"end":{"line":391,"column":5}}],"line":387},"27":{"loc":{"start":{"line":389,"column":11},"end":{"line":391,"column":5}},"type":"if","locations":[{"start":{"line":389,"column":11},"end":{"line":391,"column":5}},{"start":{},"end":{}}],"line":389},"28":{"loc":{"start":{"line":394,"column":20},"end":{"line":394,"column":66}},"type":"cond-expr","locations":[{"start":{"line":394,"column":59},"end":{"line":394,"column":61}},{"start":{"line":394,"column":64},"end":{"line":394,"column":66}}],"line":394},"29":{"loc":{"start":{"line":423,"column":4},"end":{"line":429,"column":5}},"type":"if","locations":[{"start":{"line":423,"column":4},"end":{"line":429,"column":5}},{"start":{},"end":{}}],"line":423},"30":{"loc":{"start":{"line":433,"column":4},"end":{"line":437,"column":5}},"type":"if","locations":[{"start":{"line":433,"column":4},"end":{"line":437,"column":5}},{"start":{"line":435,"column":11},"end":{"line":437,"column":5}}],"line":433},"31":{"loc":{"start":{"line":435,"column":11},"end":{"line":437,"column":5}},"type":"if","locations":[{"start":{"line":435,"column":11},"end":{"line":437,"column":5}},{"start":{},"end":{}}],"line":435},"32":{"loc":{"start":{"line":442,"column":4},"end":{"line":448,"column":5}},"type":"if","locations":[{"start":{"line":442,"column":4},"end":{"line":448,"column":5}},{"start":{},"end":{}}],"line":442},"33":{"loc":{"start":{"line":456,"column":9},"end":{"line":460,"column":9}},"type":"binary-expr","locations":[{"start":{"line":456,"column":9},"end":{"line":456,"column":28}},{"start":{"line":457,"column":10},"end":{"line":459,"column":17}}],"line":456},"34":{"loc":{"start":{"line":465,"column":14},"end":{"line":467,"column":74}},"type":"cond-expr","locations":[{"start":{"line":466,"column":18},"end":{"line":466,"column":39}},{"start":{"line":467,"column":18},"end":{"line":467,"column":74}}],"line":465},"35":{"loc":{"start":{"line":482,"column":17},"end":{"line":482,"column":37}},"type":"binary-expr","locations":[{"start":{"line":482,"column":17},"end":{"line":482,"column":31}},{"start":{"line":482,"column":35},"end":{"line":482,"column":37}}],"line":482},"36":{"loc":{"start":{"line":489,"column":26},"end":{"line":489,"column":55}},"type":"binary-expr","locations":[{"start":{"line":489,"column":26},"end":{"line":489,"column":43}},{"start":{"line":489,"column":47},"end":{"line":489,"column":55}}],"line":489},"37":{"loc":{"start":{"line":491,"column":18},"end":{"line":497,"column":33}},"type":"cond-expr","locations":[{"start":{"line":492,"column":22},"end":{"line":496,"column":37}},{"start":{"line":497,"column":22},"end":{"line":497,"column":33}}],"line":491},"38":{"loc":{"start":{"line":492,"column":22},"end":{"line":496,"column":37}},"type":"cond-expr","locations":[{"start":{"line":493,"column":24},"end":{"line":493,"column":33}},{"start":{"line":494,"column":24},"end":{"line":496,"column":37}}],"line":492},"39":{"loc":{"start":{"line":494,"column":24},"end":{"line":496,"column":37}},"type":"cond-expr","locations":[{"start":{"line":495,"column":26},"end":{"line":495,"column":37}},{"start":{"line":496,"column":26},"end":{"line":496,"column":37}}],"line":494},"40":{"loc":{"start":{"line":501,"column":18},"end":{"line":507,"column":24}},"type":"cond-expr","locations":[{"start":{"line":502,"column":22},"end":{"line":506,"column":28}},{"start":{"line":507,"column":22},"end":{"line":507,"column":24}}],"line":501},"41":{"loc":{"start":{"line":502,"column":22},"end":{"line":506,"column":28}},"type":"cond-expr","locations":[{"start":{"line":503,"column":24},"end":{"line":503,"column":79}},{"start":{"line":504,"column":24},"end":{"line":506,"column":28}}],"line":502},"42":{"loc":{"start":{"line":504,"column":24},"end":{"line":506,"column":28}},"type":"cond-expr","locations":[{"start":{"line":505,"column":26},"end":{"line":505,"column":81}},{"start":{"line":506,"column":26},"end":{"line":506,"column":28}}],"line":504},"43":{"loc":{"start":{"line":516,"column":9},"end":{"line":524,"column":9}},"type":"binary-expr","locations":[{"start":{"line":516,"column":9},"end":{"line":516,"column":26}},{"start":{"line":517,"column":10},"end":{"line":523,"column":17}}],"line":516},"44":{"loc":{"start":{"line":520,"column":17},"end":{"line":520,"column":75}},"type":"binary-expr","locations":[{"start":{"line":520,"column":17},"end":{"line":520,"column":44}},{"start":{"line":520,"column":48},"end":{"line":520,"column":75}}],"line":520},"45":{"loc":{"start":{"line":527,"column":11},"end":{"line":546,"column":11}},"type":"cond-expr","locations":[{"start":{"line":528,"column":12},"end":{"line":536,"column":21}},{"start":{"line":538,"column":12},"end":{"line":545,"column":21}}],"line":527},"46":{"loc":{"start":{"line":542,"column":20},"end":{"line":542,"column":100}},"type":"cond-expr","locations":[{"start":{"line":542,"column":68},"end":{"line":542,"column":84}},{"start":{"line":542,"column":87},"end":{"line":542,"column":100}}],"line":542},"47":{"loc":{"start":{"line":544,"column":15},"end":{"line":544,"column":94}},"type":"cond-expr","locations":[{"start":{"line":544,"column":63},"end":{"line":544,"column":76}},{"start":{"line":544,"column":79},"end":{"line":544,"column":94}}],"line":544},"48":{"loc":{"start":{"line":558,"column":4},"end":{"line":566,"column":5}},"type":"if","locations":[{"start":{"line":558,"column":4},"end":{"line":566,"column":5}},{"start":{"line":560,"column":11},"end":{"line":566,"column":5}}],"line":558},"49":{"loc":{"start":{"line":560,"column":11},"end":{"line":566,"column":5}},"type":"if","locations":[{"start":{"line":560,"column":11},"end":{"line":566,"column":5}},{"start":{"line":562,"column":11},"end":{"line":566,"column":5}}],"line":560},"50":{"loc":{"start":{"line":562,"column":11},"end":{"line":566,"column":5}},"type":"if","locations":[{"start":{"line":562,"column":11},"end":{"line":566,"column":5}},{"start":{"line":564,"column":11},"end":{"line":566,"column":5}}],"line":562},"51":{"loc":{"start":{"line":570,"column":4},"end":{"line":574,"column":5}},"type":"if","locations":[{"start":{"line":570,"column":4},"end":{"line":574,"column":5}},{"start":{"line":572,"column":11},"end":{"line":574,"column":5}}],"line":570},"52":{"loc":{"start":{"line":572,"column":11},"end":{"line":574,"column":5}},"type":"if","locations":[{"start":{"line":572,"column":11},"end":{"line":574,"column":5}},{"start":{},"end":{}}],"line":572},"53":{"loc":{"start":{"line":578,"column":4},"end":{"line":582,"column":5}},"type":"if","locations":[{"start":{"line":578,"column":4},"end":{"line":582,"column":5}},{"start":{"line":580,"column":11},"end":{"line":582,"column":5}}],"line":578},"54":{"loc":{"start":{"line":580,"column":11},"end":{"line":582,"column":5}},"type":"if","locations":[{"start":{"line":580,"column":11},"end":{"line":582,"column":5}},{"start":{},"end":{}}],"line":580},"55":{"loc":{"start":{"line":606,"column":13},"end":{"line":610,"column":13}},"type":"binary-expr","locations":[{"start":{"line":606,"column":13},"end":{"line":606,"column":37}},{"start":{"line":607,"column":14},"end":{"line":609,"column":21}}],"line":606},"56":{"loc":{"start":{"line":652,"column":4},"end":{"line":659,"column":5}},"type":"if","locations":[{"start":{"line":652,"column":4},"end":{"line":659,"column":5}},{"start":{},"end":{}}],"line":652},"57":{"loc":{"start":{"line":668,"column":9},"end":{"line":682,"column":9}},"type":"binary-expr","locations":[{"start":{"line":668,"column":9},"end":{"line":668,"column":27}},{"start":{"line":669,"column":10},"end":{"line":681,"column":17}}],"line":668},"58":{"loc":{"start":{"line":684,"column":9},"end":{"line":686,"column":9}},"type":"binary-expr","locations":[{"start":{"line":684,"column":9},"end":{"line":684,"column":26}},{"start":{"line":685,"column":10},"end":{"line":685,"column":70}}],"line":684},"59":{"loc":{"start":{"line":685,"column":10},"end":{"line":685,"column":70}},"type":"cond-expr","locations":[{"start":{"line":685,"column":26},"end":{"line":685,"column":46}},{"start":{"line":685,"column":49},"end":{"line":685,"column":70}}],"line":685}},"s":{"0":0,"1":0,"2":0,"3":0,"4":0,"5":0,"6":0,"7":0,"8":0,"9":0,"10":0,"11":0,"12":0,"13":0,"14":0,"15":0,"16":0,"17":0,"18":0,"19":0,"20":0,"21":0,"22":0,"23":0,"24":0,"25":0,"26":0,"27":0,"28":0,"29":0,"30":0,"31":0,"32":0,"33":0,"34":0,"35":0,"36":0,"37":0,"38":0,"39":0,"40":0,"41":0,"42":0,"43":0,"44":0,"45":0,"46":0,"47":0,"48":0,"49":0,"50":0,"51":0,"52":0,"53":0,"54":0,"55":0,"56":0,"57":0,"58":0,"59":0,"60":0,"61":0,"62":0,"63":0,"64":0,"65":0,"66":0,"67":0,"68":0,"69":0,"70":0,"71":0,"72":0,"73":0,"74":0,"75":0,"76":0,"77":0,"78":0,"79":0,"80":0,"81":0,"82":0,"83":0,"84":0,"85":0,"86":0,"87":0,"88":0,"89":0,"90":0,"91":0,"92":0,"93":0,"94":0,"95":0,"96":0,"97":0,"98":0,"99":0,"100":0,"101":0,"102":0,"103":0,"104":0,"105":0,"106":0,"107":0,"108":0,"109":0,"110":0,"111":0,"112":0,"113":0,"114":0,"115":0,"116":0,"117":0,"118":0,"119":0,"120":0,"121":0,"122":0,"123":0,"124":0,"125":0,"126":0,"127":0,"128":0,"129":0,"130":0,"131":0,"132":0,"133":0,"134":0,"135":0,"136":0,"137":0,"138":0,"139":0,"140":0,"141":0,"142":0,"143":0,"144":0,"145":0,"146":0,"147":0,"148":0,"149":0,"150":0,"151":0,"152":0,"153":0,"154":0,"155":0,"156":0,"157":0,"158":0,"159":0,"160":0,"161":0,"162":0,"163":0,"164":0,"165":0},"f":{"0":0,"1":0,"2":0,"3":0,"4":0,"5":0,"6":0,"7":0,"8":0,"9":0,"10":0,"11":0,"12":0,"13":0,"14":0,"15":0,"16":0,"17":0,"18":0,"19":0,"20":0,"21":0,"22":0,"23":0,"24":0,"25":0,"26":0,"27":0,"28":0,"29":0,"30":0,"31":0,"32":0,"33":0,"34":0,"35":0,"36":0,"37":0,"38":0,"39":0,"40":0,"41":0,"42":0,"43":0},"b":{"0":[0,0],"1":[0,0],"2":[0,0],"3":[0,0],"4":[0,0],"5":[0,0],"6":[0,0],"7":[0,0],"8":[0,0],"9":[0,0],"10":[0],"11":[0,0],"12":[0,0],"13":[0,0],"14":[0],"15":[0,0],"16":[0,0],"17":[0,0],"18":[0,0],"19":[0,0],"20":[0,0],"21":[0,0],"22":[0,0],"23":[0,0],"24":[0,0],"25":[0,0],"26":[0,0],"27":[0,0],"28":[0,0],"29":[0,0],"30":[0,0],"31":[0,0],"32":[0,0],"33":[0,0],"34":[0,0],"35":[0,0],"36":[0,0],"37":[0,0],"38":[0,0],"39":[0,0],"40":[0,0],"41":[0,0],"42":[0,0],"43":[0,0],"44":[0,0],"45":[0,0],"46":[0,0],"47":[0,0],"48":[0,0],"49":[0,0],"50":[0,0],"51":[0,0],"52":[0,0],"53":[0,0],"54":[0,0],"55":[0,0],"56":[0,0],"57":[0,0],"58":[0,0],"59":[0,0]}}
,"/home/yannig-dev/Documents/OrienteeringApp/frontend/src/screens/SymbolLibraryScreen.tsx": {"path":"/home/yannig-dev/Documents/OrienteeringApp/frontend/src/screens/SymbolLibraryScreen.tsx","statementMap":{"0":{"start":{"line":24,"column":29},"end":{"line":24,"column":44}},"1":{"start":{"line":25,"column":30},"end":{"line":25,"column":49}},"2":{"start":{"line":29,"column":4},"end":{"line":29,"column":17}},"3":{"start":{"line":30,"column":4},"end":{"line":38,"column":6}},"4":{"start":{"line":42,"column":4},"end":{"line":42,"column":24}},"5":{"start":{"line":45,"column":17},"end":{"line":65,"column":3}},"6":{"start":{"line":46,"column":4},"end":{"line":64,"column":5}},"7":{"start":{"line":52,"column":6},"end":{"line":58,"column":15}},"8":{"start":{"line":53,"column":8},"end":{"line":57,"column":11}},"9":{"start":{"line":60,"column":6},"end":{"line":63,"column":9}},"10":{"start":{"line":67,"column":17},"end":{"line":69,"column":3}},"11":{"start":{"line":68,"column":4},"end":{"line":68,"column":62}},"12":{"start":{"line":71,"column":21},"end":{"line":76,"column":3}},"13":{"start":{"line":72,"column":4},"end":{"line":75,"column":27}},"14":{"start":{"line":78,"column":19},"end":{"line":82,"column":3}},"15":{"start":{"line":79,"column":4},"end":{"line":81,"column":8}},"16":{"start":{"line":79,"column":32},"end":{"line":81,"column":5}},"17":{"start":{"line":84,"column":18},"end":{"line":105,"column":3}},"18":{"start":{"line":85,"column":51},"end":{"line":85,"column":61}},"19":{"start":{"line":87,"column":19},"end":{"line":87,"column":31}},"20":{"start":{"line":90,"column":4},"end":{"line":97,"column":5}},"21":{"start":{"line":91,"column":29},"end":{"line":91,"column":54}},"22":{"start":{"line":92,"column":6},"end":{"line":96,"column":8}},"23":{"start":{"line":93,"column":8},"end":{"line":95,"column":57}},"24":{"start":{"line":100,"column":4},"end":{"line":102,"column":5}},"25":{"start":{"line":101,"column":6},"end":{"line":101,"column":73}},"26":{"start":{"line":101,"column":43},"end":{"line":101,"column":71}},"27":{"start":{"line":104,"column":4},"end":{"line":104,"column":49}},"28":{"start":{"line":107,"column":22},"end":{"line":111,"column":3}},"29":{"start":{"line":110,"column":4},"end":{"line":110,"column":48}},"30":{"start":{"line":114,"column":92},"end":{"line":114,"column":102}},"31":{"start":{"line":115,"column":22},"end":{"line":115,"column":32}},"32":{"start":{"line":117,"column":4},"end":{"line":124,"column":5}},"33":{"start":{"line":118,"column":6},"end":{"line":123,"column":8}},"34":{"start":{"line":126,"column":4},"end":{"line":132,"column":5}},"35":{"start":{"line":127,"column":6},"end":{"line":131,"column":8}},"36":{"start":{"line":134,"column":4},"end":{"line":292,"column":6}},"37":{"start":{"line":142,"column":29},"end":{"line":142,"column":67}},"38":{"start":{"line":171,"column":31},"end":{"line":171,"column":52}},"39":{"start":{"line":219,"column":33},"end":{"line":219,"column":60}},"40":{"start":{"line":241,"column":18},"end":{"line":264,"column":37}},"41":{"start":{"line":247,"column":35},"end":{"line":247,"column":62}},"42":{"start":{"line":279,"column":34},"end":{"line":279,"column":41}},"43":{"start":{"line":281,"column":12},"end":{"line":285,"column":14}},"44":{"start":{"line":283,"column":29},"end":{"line":283,"column":57}},"45":{"start":{"line":296,"column":15},"end":{"line":432,"column":2}}},"fnMap":{"0":{"name":"(anonymous_0)","decl":{"start":{"line":28,"column":2},"end":{"line":28,"column":3}},"loc":{"start":{"line":28,"column":47},"end":{"line":39,"column":3}},"line":28},"1":{"name":"(anonymous_1)","decl":{"start":{"line":41,"column":2},"end":{"line":41,"column":3}},"loc":{"start":{"line":41,"column":22},"end":{"line":43,"column":3}},"line":41},"2":{"name":"(anonymous_2)","decl":{"start":{"line":45,"column":17},"end":{"line":45,"column":18}},"loc":{"start":{"line":45,"column":29},"end":{"line":65,"column":3}},"line":45},"3":{"name":"(anonymous_3)","decl":{"start":{"line":52,"column":17},"end":{"line":52,"column":18}},"loc":{"start":{"line":52,"column":23},"end":{"line":58,"column":7}},"line":52},"4":{"name":"(anonymous_4)","decl":{"start":{"line":67,"column":17},"end":{"line":67,"column":18}},"loc":{"start":{"line":67,"column":36},"end":{"line":69,"column":3}},"line":67},"5":{"name":"(anonymous_5)","decl":{"start":{"line":71,"column":21},"end":{"line":71,"column":22}},"loc":{"start":{"line":71,"column":46},"end":{"line":76,"column":3}},"line":71},"6":{"name":"(anonymous_6)","decl":{"start":{"line":78,"column":19},"end":{"line":78,"column":20}},"loc":{"start":{"line":78,"column":25},"end":{"line":82,"column":3}},"line":78},"7":{"name":"(anonymous_7)","decl":{"start":{"line":79,"column":18},"end":{"line":79,"column":19}},"loc":{"start":{"line":79,"column":32},"end":{"line":81,"column":5}},"line":79},"8":{"name":"(anonymous_8)","decl":{"start":{"line":84,"column":18},"end":{"line":84,"column":19}},"loc":{"start":{"line":84,"column":24},"end":{"line":105,"column":3}},"line":84},"9":{"name":"(anonymous_9)","decl":{"start":{"line":92,"column":33},"end":{"line":92,"column":34}},"loc":{"start":{"line":93,"column":8},"end":{"line":95,"column":57}},"line":93},"10":{"name":"(anonymous_10)","decl":{"start":{"line":101,"column":33},"end":{"line":101,"column":34}},"loc":{"start":{"line":101,"column":43},"end":{"line":101,"column":71}},"line":101},"11":{"name":"(anonymous_11)","decl":{"start":{"line":107,"column":22},"end":{"line":107,"column":23}},"loc":{"start":{"line":107,"column":42},"end":{"line":111,"column":3}},"line":107},"12":{"name":"(anonymous_12)","decl":{"start":{"line":113,"column":2},"end":{"line":113,"column":3}},"loc":{"start":{"line":113,"column":11},"end":{"line":293,"column":3}},"line":113},"13":{"name":"(anonymous_13)","decl":{"start":{"line":142,"column":23},"end":{"line":142,"column":24}},"loc":{"start":{"line":142,"column":29},"end":{"line":142,"column":67}},"line":142},"14":{"name":"(anonymous_14)","decl":{"start":{"line":171,"column":25},"end":{"line":171,"column":26}},"loc":{"start":{"line":171,"column":31},"end":{"line":171,"column":52}},"line":171},"15":{"name":"(anonymous_15)","decl":{"start":{"line":219,"column":27},"end":{"line":219,"column":28}},"loc":{"start":{"line":219,"column":33},"end":{"line":219,"column":60}},"line":219},"16":{"name":"(anonymous_16)","decl":{"start":{"line":240,"column":33},"end":{"line":240,"column":34}},"loc":{"start":{"line":241,"column":18},"end":{"line":264,"column":37}},"line":241},"17":{"name":"(anonymous_17)","decl":{"start":{"line":247,"column":29},"end":{"line":247,"column":30}},"loc":{"start":{"line":247,"column":35},"end":{"line":247,"column":62}},"line":247},"18":{"name":"(anonymous_18)","decl":{"start":{"line":279,"column":24},"end":{"line":279,"column":25}},"loc":{"start":{"line":279,"column":34},"end":{"line":279,"column":41}},"line":279},"19":{"name":"(anonymous_19)","decl":{"start":{"line":280,"column":22},"end":{"line":280,"column":23}},"loc":{"start":{"line":281,"column":12},"end":{"line":285,"column":14}},"line":281},"20":{"name":"(anonymous_20)","decl":{"start":{"line":283,"column":23},"end":{"line":283,"column":24}},"loc":{"start":{"line":283,"column":29},"end":{"line":283,"column":57}},"line":283}},"branchMap":{"0":{"loc":{"start":{"line":90,"column":4},"end":{"line":97,"column":5}},"type":"if","locations":[{"start":{"line":90,"column":4},"end":{"line":97,"column":5}},{"start":{},"end":{}}],"line":90},"1":{"loc":{"start":{"line":93,"column":8},"end":{"line":95,"column":57}},"type":"binary-expr","locations":[{"start":{"line":93,"column":8},"end":{"line":93,"column":58}},{"start":{"line":94,"column":8},"end":{"line":94,"column":66}},{"start":{"line":95,"column":8},"end":{"line":95,"column":57}}],"line":93},"2":{"loc":{"start":{"line":100,"column":4},"end":{"line":102,"column":5}},"type":"if","locations":[{"start":{"line":100,"column":4},"end":{"line":102,"column":5}},{"start":{},"end":{}}],"line":100},"3":{"loc":{"start":{"line":117,"column":4},"end":{"line":124,"column":5}},"type":"if","locations":[{"start":{"line":117,"column":4},"end":{"line":124,"column":5}},{"start":{},"end":{}}],"line":117},"4":{"loc":{"start":{"line":126,"column":4},"end":{"line":132,"column":5}},"type":"if","locations":[{"start":{"line":126,"column":4},"end":{"line":132,"column":5}},{"start":{},"end":{}}],"line":126},"5":{"loc":{"start":{"line":168,"column":13},"end":{"line":180,"column":13}},"type":"binary-expr","locations":[{"start":{"line":168,"column":13},"end":{"line":168,"column":35}},{"start":{"line":169,"column":14},"end":{"line":179,"column":33}}],"line":168},"6":{"loc":{"start":{"line":191,"column":13},"end":{"line":191,"column":70}},"type":"cond-expr","locations":[{"start":{"line":191,"column":28},"end":{"line":191,"column":59}},{"start":{"line":191,"column":62},"end":{"line":191,"column":70}}],"line":191},"7":{"loc":{"start":{"line":217,"column":20},"end":{"line":217,"column":122}},"type":"binary-expr","locations":[{"start":{"line":217,"column":20},"end":{"line":217,"column":41}},{"start":{"line":217,"column":45},"end":{"line":217,"column":122}}],"line":217},"8":{"loc":{"start":{"line":224,"column":20},"end":{"line":224,"column":103}},"type":"binary-expr","locations":[{"start":{"line":224,"column":20},"end":{"line":224,"column":41}},{"start":{"line":224,"column":45},"end":{"line":224,"column":103}}],"line":224},"9":{"loc":{"start":{"line":228,"column":19},"end":{"line":235,"column":19}},"type":"binary-expr","locations":[{"start":{"line":228,"column":19},"end":{"line":228,"column":40}},{"start":{"line":229,"column":20},"end":{"line":234,"column":22}}],"line":228},"10":{"loc":{"start":{"line":245,"column":22},"end":{"line":245,"column":124}},"type":"binary-expr","locations":[{"start":{"line":245,"column":22},"end":{"line":245,"column":43}},{"start":{"line":245,"column":47},"end":{"line":245,"column":124}}],"line":245},"11":{"loc":{"start":{"line":252,"column":22},"end":{"line":252,"column":105}},"type":"binary-expr","locations":[{"start":{"line":252,"column":22},"end":{"line":252,"column":43}},{"start":{"line":252,"column":47},"end":{"line":252,"column":105}}],"line":252},"12":{"loc":{"start":{"line":256,"column":21},"end":{"line":263,"column":21}},"type":"binary-expr","locations":[{"start":{"line":256,"column":21},"end":{"line":256,"column":42}},{"start":{"line":257,"column":22},"end":{"line":262,"column":24}}],"line":256},"13":{"loc":{"start":{"line":273,"column":38},"end":{"line":273,"column":89}},"type":"cond-expr","locations":[{"start":{"line":273,"column":69},"end":{"line":273,"column":77}},{"start":{"line":273,"column":80},"end":{"line":273,"column":89}}],"line":273}},"s":{"0":0,"1":0,"2":0,"3":0,"4":0,"5":0,"6":0,"7":0,"8":0,"9":0,"10":0,"11":0,"12":0,"13":0,"14":0,"15":0,"16":0,"17":0,"18":0,"19":0,"20":0,"21":0,"22":0,"23":0,"24":0,"25":0,"26":0,"27":0,"28":0,"29":0,"30":0,"31":0,"32":0,"33":0,"34":0,"35":0,"36":0,"37":0,"38":0,"39":0,"40":0,"41":0,"42":0,"43":0,"44":0,"45":0},"f":{"0":0,"1":0,"2":0,"3":0,"4":0,"5":0,"6":0,"7":0,"8":0,"9":0,"10":0,"11":0,"12":0,"13":0,"14":0,"15":0,"16":0,"17":0,"18":0,"19":0,"20":0},"b":{"0":[0,0],"1":[0,0,0],"2":[0,0],"3":[0,0],"4":[0,0],"5":[0,0],"6":[0,0],"7":[0,0],"8":[0,0],"9":[0,0],"10":[0,0],"11":[0,0],"12":[0,0],"13":[0,0]}}
,"/home/yannig-dev/Documents/OrienteeringApp/frontend/src/theme/index.ts": {"path":"/home/yannig-dev/Documents/OrienteeringApp/frontend/src/theme/index.ts","statementMap":{"0":{"start":{"line":3,"column":26},"end":{"line":32,"column":1}},"1":{"start":{"line":34,"column":25},"end":{"line":63,"column":1}},"2":{"start":{"line":65,"column":28},"end":{"line":76,"column":1}},"3":{"start":{"line":78,"column":23},"end":{"line":84,"column":1}}},"fnMap":{},"branchMap":{},"s":{"0":0,"1":0,"2":0,"3":0},"f":{},"b":{}}
,"/home/yannig-dev/Documents/OrienteeringApp/frontend/src/types/index.ts": {"path":"/home/yannig-dev/Documents/OrienteeringApp/frontend/src/types/index.ts","statementMap":{},"fnMap":{},"branchMap":{},"s":{},"f":{},"b":{}}
,"/home/yannig-dev/Documents/OrienteeringApp/frontend/src/utils/MaterialCommunityIcons.js": {"path":"/home/yannig-dev/Documents/OrienteeringApp/frontend/src/utils/MaterialCommunityIcons.js","statementMap":{"0":{"start":{"line":12,"column":16},"end":{"line":40,"column":1}},"1":{"start":{"line":43,"column":16},"end":{"line":45,"column":1}},"2":{"start":{"line":44,"column":2},"end":{"line":44,"column":45}},"3":{"start":{"line":48,"column":31},"end":{"line":72,"column":1}},"4":{"start":{"line":50,"column":39},"end":{"line":50,"column":44}},"5":{"start":{"line":53,"column":2},"end":{"line":62,"column":3}},"6":{"start":{"line":54,"column":4},"end":{"line":61,"column":6}},"7":{"start":{"line":64,"column":2},"end":{"line":71,"column":4}},"8":{"start":{"line":75,"column":0},"end":{"line":75,"column":62}}},"fnMap":{"0":{"name":"(anonymous_0)","decl":{"start":{"line":43,"column":16},"end":{"line":43,"column":17}},"loc":{"start":{"line":43,"column":26},"end":{"line":45,"column":1}},"line":43},"1":{"name":"(anonymous_1)","decl":{"start":{"line":48,"column":31},"end":{"line":48,"column":32}},"loc":{"start":{"line":48,"column":42},"end":{"line":72,"column":1}},"line":48}},"branchMap":{"0":{"loc":{"start":{"line":44,"column":9},"end":{"line":44,"column":44}},"type":"binary-expr","locations":[{"start":{"line":44,"column":9},"end":{"line":44,"column":22}},{"start":{"line":44,"column":26},"end":{"line":44,"column":44}}],"line":44},"1":{"loc":{"start":{"line":53,"column":2},"end":{"line":62,"column":3}},"type":"if","locations":[{"start":{"line":53,"column":2},"end":{"line":62,"column":3}},{"start":{},"end":{}}],"line":53}},"s":{"0":0,"1":0,"2":0,"3":0,"4":0,"5":0,"6":0,"7":0,"8":0},"f":{"0":0,"1":0},"b":{"0":[0,0],"1":[0,0]}}
,"/home/yannig-dev/Documents/OrienteeringApp/frontend/src/utils/assetUtils.ts": {"path":"/home/yannig-dev/Documents/OrienteeringApp/frontend/src/utils/assetUtils.ts","statementMap":{"0":{"start":{"line":24,"column":34},"end":{"line":44,"column":1}},"1":{"start":{"line":26,"column":24},"end":{"line":26,"column":55}},"2":{"start":{"line":29,"column":15},"end":{"line":29,"column":25}},"3":{"start":{"line":30,"column":22},"end":{"line":30,"column":59}},"4":{"start":{"line":32,"column":2},"end":{"line":40,"column":3}},"5":{"start":{"line":33,"column":4},"end":{"line":33,"column":24}},"6":{"start":{"line":34,"column":9},"end":{"line":40,"column":3}},"7":{"start":{"line":35,"column":4},"end":{"line":35,"column":24}},"8":{"start":{"line":36,"column":9},"end":{"line":40,"column":3}},"9":{"start":{"line":37,"column":4},"end":{"line":37,"column":24}},"10":{"start":{"line":38,"column":9},"end":{"line":40,"column":3}},"11":{"start":{"line":39,"column":4},"end":{"line":39,"column":24}},"12":{"start":{"line":43,"column":2},"end":{"line":43,"column":88}},"13":{"start":{"line":51,"column":28},"end":{"line":57,"column":1}},"14":{"start":{"line":53,"column":2},"end":{"line":55,"column":3}},"15":{"start":{"line":54,"column":4},"end":{"line":54,"column":56}},"16":{"start":{"line":56,"column":2},"end":{"line":56,"column":19}},"17":{"start":{"line":63,"column":29},"end":{"line":65,"column":1}},"18":{"start":{"line":64,"column":2},"end":{"line":64,"column":33}},"19":{"start":{"line":72,"column":32},"end":{"line":74,"column":1}},"20":{"start":{"line":73,"column":2},"end":{"line":73,"column":74}},"21":{"start":{"line":73,"column":52},"end":{"line":73,"column":72}},"22":{"start":{"line":81,"column":29},"end":{"line":83,"column":1}},"23":{"start":{"line":82,"column":2},"end":{"line":82,"column":76}},"24":{"start":{"line":82,"column":50},"end":{"line":82,"column":66}},"25":{"start":{"line":90,"column":30},"end":{"line":92,"column":1}},"26":{"start":{"line":91,"column":2},"end":{"line":91,"column":78}},"27":{"start":{"line":91,"column":50},"end":{"line":91,"column":68}},"28":{"start":{"line":98,"column":33},"end":{"line":101,"column":1}},"29":{"start":{"line":99,"column":16},"end":{"line":99,"column":68}},"30":{"start":{"line":99,"column":56},"end":{"line":99,"column":67}},"31":{"start":{"line":100,"column":2},"end":{"line":100,"column":29}},"32":{"start":{"line":107,"column":35},"end":{"line":110,"column":1}},"33":{"start":{"line":108,"column":18},"end":{"line":108,"column":72}},"34":{"start":{"line":108,"column":58},"end":{"line":108,"column":71}},"35":{"start":{"line":109,"column":2},"end":{"line":109,"column":31}},"36":{"start":{"line":117,"column":38},"end":{"line":119,"column":1}},"37":{"start":{"line":118,"column":2},"end":{"line":118,"column":86}},"38":{"start":{"line":118,"column":52},"end":{"line":118,"column":84}},"39":{"start":{"line":127,"column":46},"end":{"line":132,"column":1}},"40":{"start":{"line":128,"column":2},"end":{"line":131,"column":4}},"41":{"start":{"line":129,"column":4},"end":{"line":130,"column":36}},"42":{"start":{"line":139,"column":28},"end":{"line":146,"column":1}},"43":{"start":{"line":140,"column":19},"end":{"line":140,"column":29}},"44":{"start":{"line":141,"column":2},"end":{"line":144,"column":3}},"45":{"start":{"line":141,"column":15},"end":{"line":141,"column":34}},"46":{"start":{"line":142,"column":14},"end":{"line":142,"column":49}},"47":{"start":{"line":143,"column":4},"end":{"line":143,"column":60}},"48":{"start":{"line":145,"column":2},"end":{"line":145,"column":18}},"49":{"start":{"line":155,"column":33},"end":{"line":183,"column":1}},"50":{"start":{"line":157,"column":24},"end":{"line":161,"column":3}},"51":{"start":{"line":158,"column":4},"end":{"line":160,"column":26}},"52":{"start":{"line":164,"column":2},"end":{"line":179,"column":3}},"53":{"start":{"line":165,"column":25},"end":{"line":169,"column":5}},"54":{"start":{"line":166,"column":6},"end":{"line":168,"column":28}},"55":{"start":{"line":172,"column":4},"end":{"line":176,"column":7}},"56":{"start":{"line":173,"column":20},"end":{"line":173,"column":76}},"57":{"start":{"line":174,"column":20},"end":{"line":174,"column":76}},"58":{"start":{"line":175,"column":6},"end":{"line":175,"column":27}},"59":{"start":{"line":178,"column":4},"end":{"line":178,"column":60}},"60":{"start":{"line":182,"column":2},"end":{"line":182,"column":55}},"61":{"start":{"line":191,"column":36},"end":{"line":219,"column":1}},"62":{"start":{"line":193,"column":20},"end":{"line":193,"column":21}},"63":{"start":{"line":194,"column":2},"end":{"line":198,"column":3}},"64":{"start":{"line":195,"column":4},"end":{"line":195,"column":52}},"65":{"start":{"line":196,"column":9},"end":{"line":198,"column":3}},"66":{"start":{"line":197,"column":4},"end":{"line":197,"column":52}},"67":{"start":{"line":201,"column":22},"end":{"line":201,"column":64}},"68":{"start":{"line":204,"column":18},"end":{"line":204,"column":64}},"69":{"start":{"line":204,"column":56},"end":{"line":204,"column":62}},"70":{"start":{"line":207,"column":26},"end":{"line":207,"column":47}},"71":{"start":{"line":210,"column":2},"end":{"line":218,"column":4}},"72":{"start":{"line":228,"column":37},"end":{"line":272,"column":1}},"73":{"start":{"line":230,"column":31},"end":{"line":230,"column":33}},"74":{"start":{"line":232,"column":2},"end":{"line":241,"column":3}},"75":{"start":{"line":233,"column":4},"end":{"line":233,"column":23}},"76":{"start":{"line":234,"column":4},"end":{"line":234,"column":24}},"77":{"start":{"line":235,"column":9},"end":{"line":241,"column":3}},"78":{"start":{"line":236,"column":4},"end":{"line":236,"column":26}},"79":{"start":{"line":237,"column":4},"end":{"line":237,"column":24}},"80":{"start":{"line":239,"column":4},"end":{"line":239,"column":26}},"81":{"start":{"line":240,"column":4},"end":{"line":240,"column":24}},"82":{"start":{"line":244,"column":34},"end":{"line":244,"column":36}},"83":{"start":{"line":246,"column":2},"end":{"line":254,"column":5}},"84":{"start":{"line":247,"column":4},"end":{"line":253,"column":5}},"85":{"start":{"line":249,"column":6},"end":{"line":249,"column":84}},"86":{"start":{"line":252,"column":6},"end":{"line":252,"column":99}},"87":{"start":{"line":257,"column":2},"end":{"line":265,"column":3}},"88":{"start":{"line":258,"column":23},"end":{"line":258,"column":38}},"89":{"start":{"line":259,"column":29},"end":{"line":262,"column":5}},"90":{"start":{"line":260,"column":6},"end":{"line":261,"column":52}},"91":{"start":{"line":260,"column":34},"end":{"line":260,"column":48}},"92":{"start":{"line":264,"column":4},"end":{"line":264,"column":64}},"93":{"start":{"line":268,"column":26},"end":{"line":268,"column":71}},"94":{"start":{"line":271,"column":2},"end":{"line":271,"column":81}},"95":{"start":{"line":271,"column":39},"end":{"line":271,"column":79}},"96":{"start":{"line":280,"column":2},"end":{"line":280,"column":71}},"97":{"start":{"line":280,"column":42},"end":{"line":280,"column":62}},"98":{"start":{"line":288,"column":2},"end":{"line":288,"column":32}}},"fnMap":{"0":{"name":"(anonymous_0)","decl":{"start":{"line":24,"column":34},"end":{"line":24,"column":35}},"loc":{"start":{"line":24,"column":105},"end":{"line":44,"column":1}},"line":24},"1":{"name":"(anonymous_1)","decl":{"start":{"line":51,"column":28},"end":{"line":51,"column":29}},"loc":{"start":{"line":51,"column":59},"end":{"line":57,"column":1}},"line":51},"2":{"name":"(anonymous_2)","decl":{"start":{"line":63,"column":29},"end":{"line":63,"column":30}},"loc":{"start":{"line":63,"column":45},"end":{"line":65,"column":1}},"line":63},"3":{"name":"(anonymous_3)","decl":{"start":{"line":72,"column":32},"end":{"line":72,"column":33}},"loc":{"start":{"line":72,"column":60},"end":{"line":74,"column":1}},"line":72},"4":{"name":"(anonymous_4)","decl":{"start":{"line":73,"column":42},"end":{"line":73,"column":43}},"loc":{"start":{"line":73,"column":52},"end":{"line":73,"column":72}},"line":73},"5":{"name":"(anonymous_5)","decl":{"start":{"line":81,"column":29},"end":{"line":81,"column":30}},"loc":{"start":{"line":81,"column":60},"end":{"line":83,"column":1}},"line":81},"6":{"name":"(anonymous_6)","decl":{"start":{"line":82,"column":40},"end":{"line":82,"column":41}},"loc":{"start":{"line":82,"column":50},"end":{"line":82,"column":66}},"line":82},"7":{"name":"(anonymous_7)","decl":{"start":{"line":90,"column":30},"end":{"line":90,"column":31}},"loc":{"start":{"line":90,"column":62},"end":{"line":92,"column":1}},"line":90},"8":{"name":"(anonymous_8)","decl":{"start":{"line":91,"column":40},"end":{"line":91,"column":41}},"loc":{"start":{"line":91,"column":50},"end":{"line":91,"column":68}},"line":91},"9":{"name":"(anonymous_9)","decl":{"start":{"line":98,"column":33},"end":{"line":98,"column":34}},"loc":{"start":{"line":98,"column":49},"end":{"line":101,"column":1}},"line":98},"10":{"name":"(anonymous_10)","decl":{"start":{"line":99,"column":46},"end":{"line":99,"column":47}},"loc":{"start":{"line":99,"column":56},"end":{"line":99,"column":67}},"line":99},"11":{"name":"(anonymous_11)","decl":{"start":{"line":107,"column":35},"end":{"line":107,"column":36}},"loc":{"start":{"line":107,"column":51},"end":{"line":110,"column":1}},"line":107},"12":{"name":"(anonymous_12)","decl":{"start":{"line":108,"column":48},"end":{"line":108,"column":49}},"loc":{"start":{"line":108,"column":58},"end":{"line":108,"column":71}},"line":108},"13":{"name":"(anonymous_13)","decl":{"start":{"line":117,"column":38},"end":{"line":117,"column":39}},"loc":{"start":{"line":117,"column":72},"end":{"line":119,"column":1}},"line":117},"14":{"name":"(anonymous_14)","decl":{"start":{"line":118,"column":42},"end":{"line":118,"column":43}},"loc":{"start":{"line":118,"column":52},"end":{"line":118,"column":84}},"line":118},"15":{"name":"(anonymous_15)","decl":{"start":{"line":127,"column":46},"end":{"line":127,"column":47}},"loc":{"start":{"line":127,"column":97},"end":{"line":132,"column":1}},"line":127},"16":{"name":"(anonymous_16)","decl":{"start":{"line":128,"column":42},"end":{"line":128,"column":43}},"loc":{"start":{"line":129,"column":4},"end":{"line":130,"column":36}},"line":129},"17":{"name":"(anonymous_17)","decl":{"start":{"line":139,"column":28},"end":{"line":139,"column":29}},"loc":{"start":{"line":139,"column":52},"end":{"line":146,"column":1}},"line":139},"18":{"name":"(anonymous_18)","decl":{"start":{"line":155,"column":33},"end":{"line":155,"column":34}},"loc":{"start":{"line":155,"column":105},"end":{"line":183,"column":1}},"line":155},"19":{"name":"(anonymous_19)","decl":{"start":{"line":157,"column":57},"end":{"line":157,"column":58}},"loc":{"start":{"line":158,"column":4},"end":{"line":160,"column":26}},"line":158},"20":{"name":"(anonymous_20)","decl":{"start":{"line":165,"column":58},"end":{"line":165,"column":59}},"loc":{"start":{"line":166,"column":6},"end":{"line":168,"column":28}},"line":166},"21":{"name":"(anonymous_21)","decl":{"start":{"line":172,"column":22},"end":{"line":172,"column":23}},"loc":{"start":{"line":172,"column":32},"end":{"line":176,"column":5}},"line":172},"22":{"name":"(anonymous_22)","decl":{"start":{"line":191,"column":36},"end":{"line":191,"column":37}},"loc":{"start":{"line":191,"column":81},"end":{"line":219,"column":1}},"line":191},"23":{"name":"(anonymous_23)","decl":{"start":{"line":204,"column":51},"end":{"line":204,"column":52}},"loc":{"start":{"line":204,"column":56},"end":{"line":204,"column":62}},"line":204},"24":{"name":"(anonymous_24)","decl":{"start":{"line":228,"column":37},"end":{"line":228,"column":38}},"loc":{"start":{"line":228,"column":106},"end":{"line":272,"column":1}},"line":228},"25":{"name":"(anonymous_25)","decl":{"start":{"line":246,"column":23},"end":{"line":246,"column":24}},"loc":{"start":{"line":246,"column":37},"end":{"line":254,"column":3}},"line":246},"26":{"name":"(anonymous_26)","decl":{"start":{"line":259,"column":47},"end":{"line":259,"column":48}},"loc":{"start":{"line":260,"column":6},"end":{"line":261,"column":52}},"line":260},"27":{"name":"(anonymous_27)","decl":{"start":{"line":260,"column":28},"end":{"line":260,"column":29}},"loc":{"start":{"line":260,"column":34},"end":{"line":260,"column":48}},"line":260},"28":{"name":"(anonymous_28)","decl":{"start":{"line":271,"column":29},"end":{"line":271,"column":30}},"loc":{"start":{"line":271,"column":39},"end":{"line":271,"column":79}},"line":271},"29":{"name":"getSymbolCountByType","decl":{"start":{"line":279,"column":16},"end":{"line":279,"column":36}},"loc":{"start":{"line":279,"column":59},"end":{"line":281,"column":1}},"line":279},"30":{"name":"(anonymous_30)","decl":{"start":{"line":280,"column":32},"end":{"line":280,"column":33}},"loc":{"start":{"line":280,"column":42},"end":{"line":280,"column":62}},"line":280},"31":{"name":"getTotalSymbolCount","decl":{"start":{"line":287,"column":16},"end":{"line":287,"column":35}},"loc":{"start":{"line":287,"column":46},"end":{"line":289,"column":1}},"line":287}},"branchMap":{"0":{"loc":{"start":{"line":32,"column":2},"end":{"line":40,"column":3}},"type":"if","locations":[{"start":{"line":32,"column":2},"end":{"line":40,"column":3}},{"start":{"line":34,"column":9},"end":{"line":40,"column":3}}],"line":32},"1":{"loc":{"start":{"line":34,"column":9},"end":{"line":40,"column":3}},"type":"if","locations":[{"start":{"line":34,"column":9},"end":{"line":40,"column":3}},{"start":{"line":36,"column":9},"end":{"line":40,"column":3}}],"line":34},"2":{"loc":{"start":{"line":34,"column":13},"end":{"line":34,"column":50}},"type":"binary-expr","locations":[{"start":{"line":34,"column":13},"end":{"line":34,"column":29}},{"start":{"line":34,"column":33},"end":{"line":34,"column":50}}],"line":34},"3":{"loc":{"start":{"line":36,"column":9},"end":{"line":40,"column":3}},"type":"if","locations":[{"start":{"line":36,"column":9},"end":{"line":40,"column":3}},{"start":{"line":38,"column":9},"end":{"line":40,"column":3}}],"line":36},"4":{"loc":{"start":{"line":38,"column":9},"end":{"line":40,"column":3}},"type":"if","locations":[{"start":{"line":38,"column":9},"end":{"line":40,"column":3}},{"start":{},"end":{}}],"line":38},"5":{"loc":{"start":{"line":53,"column":2},"end":{"line":55,"column":3}},"type":"if","locations":[{"start":{"line":53,"column":2},"end":{"line":55,"column":3}},{"start":{},"end":{}}],"line":53},"6":{"loc":{"start":{"line":82,"column":9},"end":{"line":82,"column":75}},"type":"binary-expr","locations":[{"start":{"line":82,"column":9},"end":{"line":82,"column":67}},{"start":{"line":82,"column":71},"end":{"line":82,"column":75}}],"line":82},"7":{"loc":{"start":{"line":91,"column":9},"end":{"line":91,"column":77}},"type":"binary-expr","locations":[{"start":{"line":91,"column":9},"end":{"line":91,"column":69}},{"start":{"line":91,"column":73},"end":{"line":91,"column":77}}],"line":91},"8":{"loc":{"start":{"line":129,"column":4},"end":{"line":130,"column":36}},"type":"binary-expr","locations":[{"start":{"line":129,"column":5},"end":{"line":129,"column":23}},{"start":{"line":129,"column":27},"end":{"line":129,"column":54}},{"start":{"line":130,"column":4},"end":{"line":130,"column":36}}],"line":129},"9":{"loc":{"start":{"line":155,"column":65},"end":{"line":155,"column":90}},"type":"default-arg","locations":[{"start":{"line":155,"column":88},"end":{"line":155,"column":90}}],"line":155},"10":{"loc":{"start":{"line":158,"column":4},"end":{"line":160,"column":26}},"type":"binary-expr","locations":[{"start":{"line":158,"column":4},"end":{"line":158,"column":22}},{"start":{"line":159,"column":4},"end":{"line":159,"column":30}},{"start":{"line":160,"column":4},"end":{"line":160,"column":26}}],"line":158},"11":{"loc":{"start":{"line":164,"column":2},"end":{"line":179,"column":3}},"type":"if","locations":[{"start":{"line":164,"column":2},"end":{"line":179,"column":3}},{"start":{},"end":{}}],"line":164},"12":{"loc":{"start":{"line":166,"column":6},"end":{"line":168,"column":28}},"type":"binary-expr","locations":[{"start":{"line":166,"column":6},"end":{"line":166,"column":24}},{"start":{"line":167,"column":6},"end":{"line":167,"column":32}},{"start":{"line":168,"column":6},"end":{"line":168,"column":28}}],"line":166},"13":{"loc":{"start":{"line":173,"column":30},"end":{"line":173,"column":47}},"type":"binary-expr","locations":[{"start":{"line":173,"column":30},"end":{"line":173,"column":42}},{"start":{"line":173,"column":46},"end":{"line":173,"column":47}}],"line":173},"14":{"loc":{"start":{"line":173,"column":52},"end":{"line":173,"column":74}},"type":"binary-expr","locations":[{"start":{"line":173,"column":52},"end":{"line":173,"column":69}},{"start":{"line":173,"column":73},"end":{"line":173,"column":74}}],"line":173},"15":{"loc":{"start":{"line":174,"column":30},"end":{"line":174,"column":47}},"type":"binary-expr","locations":[{"start":{"line":174,"column":30},"end":{"line":174,"column":42}},{"start":{"line":174,"column":46},"end":{"line":174,"column":47}}],"line":174},"16":{"loc":{"start":{"line":174,"column":52},"end":{"line":174,"column":74}},"type":"binary-expr","locations":[{"start":{"line":174,"column":52},"end":{"line":174,"column":69}},{"start":{"line":174,"column":73},"end":{"line":174,"column":74}}],"line":174},"17":{"loc":{"start":{"line":194,"column":2},"end":{"line":198,"column":3}},"type":"if","locations":[{"start":{"line":194,"column":2},"end":{"line":198,"column":3}},{"start":{"line":196,"column":9},"end":{"line":198,"column":3}}],"line":194},"18":{"loc":{"start":{"line":196,"column":9},"end":{"line":198,"column":3}},"type":"if","locations":[{"start":{"line":196,"column":9},"end":{"line":198,"column":3}},{"start":{},"end":{}}],"line":196},"19":{"loc":{"start":{"line":228,"column":58},"end":{"line":228,"column":78}},"type":"default-arg","locations":[{"start":{"line":228,"column":76},"end":{"line":228,"column":78}}],"line":228},"20":{"loc":{"start":{"line":232,"column":2},"end":{"line":241,"column":3}},"type":"if","locations":[{"start":{"line":232,"column":2},"end":{"line":241,"column":3}},{"start":{"line":235,"column":9},"end":{"line":241,"column":3}}],"line":232},"21":{"loc":{"start":{"line":234,"column":12},"end":{"line":234,"column":23}},"type":"binary-expr","locations":[{"start":{"line":234,"column":12},"end":{"line":234,"column":17}},{"start":{"line":234,"column":21},"end":{"line":234,"column":23}}],"line":234},"22":{"loc":{"start":{"line":235,"column":9},"end":{"line":241,"column":3}},"type":"if","locations":[{"start":{"line":235,"column":9},"end":{"line":241,"column":3}},{"start":{"line":238,"column":9},"end":{"line":241,"column":3}}],"line":235},"23":{"loc":{"start":{"line":237,"column":12},"end":{"line":237,"column":23}},"type":"binary-expr","locations":[{"start":{"line":237,"column":12},"end":{"line":237,"column":17}},{"start":{"line":237,"column":21},"end":{"line":237,"column":23}}],"line":237},"24":{"loc":{"start":{"line":240,"column":12},"end":{"line":240,"column":23}},"type":"binary-expr","locations":[{"start":{"line":240,"column":12},"end":{"line":240,"column":17}},{"start":{"line":240,"column":21},"end":{"line":240,"column":23}}],"line":240},"25":{"loc":{"start":{"line":247,"column":4},"end":{"line":253,"column":5}},"type":"if","locations":[{"start":{"line":247,"column":4},"end":{"line":253,"column":5}},{"start":{"line":250,"column":11},"end":{"line":253,"column":5}}],"line":247},"26":{"loc":{"start":{"line":257,"column":2},"end":{"line":265,"column":3}},"type":"if","locations":[{"start":{"line":257,"column":2},"end":{"line":265,"column":3}},{"start":{},"end":{}}],"line":257},"27":{"loc":{"start":{"line":260,"column":6},"end":{"line":261,"column":52}},"type":"binary-expr","locations":[{"start":{"line":260,"column":6},"end":{"line":260,"column":49}},{"start":{"line":261,"column":7},"end":{"line":261,"column":25}},{"start":{"line":261,"column":29},"end":{"line":261,"column":51}}],"line":260}},"s":{"0":3,"1":0,"2":0,"3":0,"4":0,"5":0,"6":0,"7":0,"8":0,"9":0,"10":0,"11":0,"12":0,"13":3,"14":0,"15":0,"16":0,"17":3,"18":0,"19":3,"20":0,"21":0,"22":3,"23":0,"24":0,"25":3,"26":0,"27":0,"28":3,"29":0,"30":0,"31":0,"32":3,"33":0,"34":0,"35":0,"36":3,"37":0,"38":0,"39":3,"40":4,"41":356,"42":3,"43":25,"44":25,"45":25,"46":310,"47":310,"48":25,"49":3,"50":6,"51":534,"52":6,"53":0,"54":0,"55":0,"56":0,"57":0,"58":0,"59":0,"60":6,"61":3,"62":6,"63":6,"64":1,"65":5,"66":1,"67":6,"68":6,"69":18,"70":6,"71":6,"72":3,"73":0,"74":0,"75":0,"76":0,"77":0,"78":0,"79":0,"80":0,"81":0,"82":0,"83":0,"84":0,"85":0,"86":0,"87":0,"88":0,"89":0,"90":0,"91":0,"92":0,"93":0,"94":0,"95":0,"96":0,"97":0,"98":0},"f":{"0":0,"1":0,"2":0,"3":0,"4":0,"5":0,"6":0,"7":0,"8":0,"9":0,"10":0,"11":0,"12":0,"13":0,"14":0,"15":4,"16":356,"17":25,"18":6,"19":534,"20":0,"21":0,"22":6,"23":18,"24":0,"25":0,"26":0,"27":0,"28":0,"29":0,"30":0,"31":0},"b":{"0":[0,0],"1":[0,0],"2":[0,0],"3":[0,0],"4":[0,0],"5":[0,0],"6":[0,0],"7":[0,0],"8":[356,267,148],"9":[6],"10":[534,534,534],"11":[0,6],"12":[0,0,0],"13":[0,0],"14":[0,0],"15":[0,0],"16":[0,0],"17":[1,5],"18":[1,4],"19":[0],"20":[0,0],"21":[0,0],"22":[0,0],"23":[0,0],"24":[0,0],"25":[0,0],"26":[0,0],"27":[0,0,0]},"_coverageSchema":"1a1c01bbd47fc00a2c39e90264f33305004495a9","hash":"b922b566c147af570a2465c0f06e7cf79c26f20e"}
}
