TN:
SF:src/App.tsx
FN:20,(anonymous_0)
FN:26,(anonymous_1)
FN:34,(anonymous_2)
FN:36,(anonymous_3)
FN:43,(anonymous_4)
FN:62,(anonymous_5)
FN:81,(anonymous_6)
FN:83,(anonymous_7)
FN:88,(anonymous_8)
FNF:9
FNH:0
FNDA:0,(anonymous_0)
FNDA:0,(anonymous_1)
FNDA:0,(anonymous_2)
FNDA:0,(anonymous_3)
FNDA:0,(anonymous_4)
FNDA:0,(anonymous_5)
FNDA:0,(anonymous_6)
FNDA:0,(anonymous_7)
FNDA:0,(anonymous_8)
DA:18,0
DA:20,0
DA:21,0
DA:22,0
DA:23,0
DA:26,0
DA:27,0
DA:28,0
DA:32,0
DA:34,0
DA:35,0
DA:36,0
DA:39,0
DA:43,0
DA:63,0
DA:81,0
DA:84,0
DA:88,0
DA:101,0
LF:19
LH:0
BRDA:27,0,0,0
BRDA:27,0,1,0
BRDA:32,1,0,0
BRDA:32,1,1,0
BRDA:49,2,0,0
BRDA:49,2,1,0
BRDA:64,3,0,0
BRDA:64,3,1,0
BRF:8
BRH:0
end_of_record
TN:
SF:src/components/SymbolCard.tsx
FN:12,(anonymous_0)
FNF:1
FNH:0
FNDA:0,(anonymous_0)
DA:12,0
DA:13,0
DA:43,0
LF:3
LH:0
BRDA:22,0,0,0
BRDA:22,0,1,0
BRDA:32,1,0,0
BRDA:32,1,1,0
BRF:4
BRH:0
end_of_record
TN:
SF:src/screens/QuizScreen.tsx
FN:29,(anonymous_0)
FN:30,(anonymous_1)
FN:33,(anonymous_2)
FN:60,(anonymous_3)
FN:79,(anonymous_4)
FN:83,(anonymous_5)
FN:89,(anonymous_6)
FN:135,(anonymous_7)
FN:145,(anonymous_8)
FN:149,(anonymous_9)
FN:153,(anonymous_10)
FN:169,(anonymous_11)
FN:174,(anonymous_12)
FN:189,(anonymous_13)
FN:195,(anonymous_14)
FN:210,(anonymous_15)
FN:211,(anonymous_16)
FN:216,(anonymous_17)
FN:222,(anonymous_18)
FN:226,(anonymous_19)
FN:232,(anonymous_20)
FN:246,(anonymous_21)
FN:252,(anonymous_22)
FN:268,(anonymous_23)
FN:284,(anonymous_24)
FN:284,(anonymous_25)
FN:285,(anonymous_26)
FN:285,(anonymous_27)
FN:292,(anonymous_28)
FN:296,(anonymous_29)
FN:311,(anonymous_30)
FN:319,(anonymous_31)
FN:327,(anonymous_32)
FN:338,(anonymous_33)
FN:352,(anonymous_34)
FN:353,(anonymous_35)
FN:371,(anonymous_36)
FN:411,(anonymous_37)
FN:484,(anonymous_38)
FN:552,(anonymous_39)
FN:608,(anonymous_40)
FN:629,(anonymous_41)
FN:637,(anonymous_42)
FN:648,(anonymous_43)
FNF:44
FNH:0
FNDA:0,(anonymous_0)
FNDA:0,(anonymous_1)
FNDA:0,(anonymous_2)
FNDA:0,(anonymous_3)
FNDA:0,(anonymous_4)
FNDA:0,(anonymous_5)
FNDA:0,(anonymous_6)
FNDA:0,(anonymous_7)
FNDA:0,(anonymous_8)
FNDA:0,(anonymous_9)
FNDA:0,(anonymous_10)
FNDA:0,(anonymous_11)
FNDA:0,(anonymous_12)
FNDA:0,(anonymous_13)
FNDA:0,(anonymous_14)
FNDA:0,(anonymous_15)
FNDA:0,(anonymous_16)
FNDA:0,(anonymous_17)
FNDA:0,(anonymous_18)
FNDA:0,(anonymous_19)
FNDA:0,(anonymous_20)
FNDA:0,(anonymous_21)
FNDA:0,(anonymous_22)
FNDA:0,(anonymous_23)
FNDA:0,(anonymous_24)
FNDA:0,(anonymous_25)
FNDA:0,(anonymous_26)
FNDA:0,(anonymous_27)
FNDA:0,(anonymous_28)
FNDA:0,(anonymous_29)
FNDA:0,(anonymous_30)
FNDA:0,(anonymous_31)
FNDA:0,(anonymous_32)
FNDA:0,(anonymous_33)
FNDA:0,(anonymous_34)
FNDA:0,(anonymous_35)
FNDA:0,(anonymous_36)
FNDA:0,(anonymous_37)
FNDA:0,(anonymous_38)
FNDA:0,(anonymous_39)
FNDA:0,(anonymous_40)
FNDA:0,(anonymous_41)
FNDA:0,(anonymous_42)
FNDA:0,(anonymous_43)
DA:29,0
DA:30,0
DA:33,0
DA:34,0
DA:61,0
DA:62,0
DA:80,0
DA:83,0
DA:84,0
DA:85,0
DA:89,0
DA:90,0
DA:93,0
DA:95,0
DA:98,0
DA:102,0
DA:103,0
DA:104,0
DA:105,0
DA:106,0
DA:110,0
DA:113,0
DA:114,0
DA:115,0
DA:119,0
DA:122,0
DA:137,0
DA:140,0
DA:141,0
DA:145,0
DA:146,0
DA:149,0
DA:150,0
DA:153,0
DA:154,0
DA:156,0
DA:158,0
DA:159,0
DA:161,0
DA:166,0
DA:169,0
DA:170,0
DA:171,0
DA:174,0
DA:175,0
DA:177,0
DA:179,0
DA:184,0
DA:190,0
DA:195,0
DA:196,0
DA:210,0
DA:211,0
DA:212,0
DA:214,0
DA:216,0
DA:222,0
DA:223,0
DA:226,0
DA:227,0
DA:228,0
DA:229,0
DA:230,0
DA:232,0
DA:233,0
DA:241,0
DA:247,0
DA:248,0
DA:252,0
DA:269,0
DA:284,0
DA:285,0
DA:292,0
DA:293,0
DA:294,0
DA:296,0
DA:297,0
DA:305,0
DA:311,0
DA:319,0
DA:327,0
DA:338,0
DA:339,0
DA:342,0
DA:343,0
DA:344,0
DA:348,0
DA:349,0
DA:352,0
DA:353,0
DA:354,0
DA:356,0
DA:359,0
DA:360,0
DA:361,0
DA:364,0
DA:368,0
DA:371,0
DA:372,0
DA:373,0
DA:375,0
DA:376,0
DA:380,0
DA:381,0
DA:384,0
DA:386,0
DA:387,0
DA:388,0
DA:389,0
DA:390,0
DA:394,0
DA:395,0
DA:397,0
DA:411,0
DA:420,0
DA:421,0
DA:423,0
DA:424,0
DA:432,0
DA:433,0
DA:434,0
DA:435,0
DA:436,0
DA:439,0
DA:440,0
DA:442,0
DA:443,0
DA:450,0
DA:485,0
DA:552,0
DA:553,0
DA:554,0
DA:555,0
DA:557,0
DA:558,0
DA:559,0
DA:560,0
DA:561,0
DA:562,0
DA:563,0
DA:565,0
DA:569,0
DA:570,0
DA:571,0
DA:572,0
DA:573,0
DA:577,0
DA:578,0
DA:579,0
DA:580,0
DA:581,0
DA:584,0
DA:608,0
DA:629,0
DA:637,0
DA:649,0
DA:650,0
DA:652,0
DA:653,0
DA:661,0
DA:692,0
LF:161
LH:0
BRDA:84,0,0,0
BRDA:84,0,1,0
BRDA:98,1,0,0
BRDA:98,1,1,0
BRDA:99,2,0,0
BRDA:99,2,1,0
BRDA:103,3,0,0
BRDA:103,3,1,0
BRDA:105,4,0,0
BRDA:105,4,1,0
BRDA:114,5,0,0
BRDA:114,5,1,0
BRDA:156,6,0,0
BRDA:156,6,1,0
BRDA:163,7,0,0
BRDA:163,7,1,0
BRDA:177,8,0,0
BRDA:177,8,1,0
BRDA:215,9,0,0
BRDA:215,9,1,0
BRDA:232,10,0,0
BRDA:234,11,0,0
BRDA:234,11,1,0
BRDA:281,12,0,0
BRDA:281,12,1,0
BRDA:283,13,0,0
BRDA:283,13,1,0
BRDA:296,14,0,0
BRDA:312,15,0,0
BRDA:312,15,1,0
BRDA:320,16,0,0
BRDA:320,16,1,0
BRDA:328,17,0,0
BRDA:328,17,1,0
BRDA:342,18,0,0
BRDA:342,18,1,0
BRDA:348,19,0,0
BRDA:348,19,1,0
BRDA:354,20,0,0
BRDA:354,20,1,0
BRDA:359,21,0,0
BRDA:359,21,1,0
BRDA:375,22,0,0
BRDA:375,22,1,0
BRDA:375,23,0,0
BRDA:375,23,1,0
BRDA:380,24,0,0
BRDA:380,24,1,0
BRDA:381,25,0,0
BRDA:381,25,1,0
BRDA:387,26,0,0
BRDA:387,26,1,0
BRDA:389,27,0,0
BRDA:389,27,1,0
BRDA:394,28,0,0
BRDA:394,28,1,0
BRDA:423,29,0,0
BRDA:423,29,1,0
BRDA:433,30,0,0
BRDA:433,30,1,0
BRDA:435,31,0,0
BRDA:435,31,1,0
BRDA:442,32,0,0
BRDA:442,32,1,0
BRDA:456,33,0,0
BRDA:456,33,1,0
BRDA:465,34,0,0
BRDA:465,34,1,0
BRDA:482,35,0,0
BRDA:482,35,1,0
BRDA:489,36,0,0
BRDA:489,36,1,0
BRDA:491,37,0,0
BRDA:491,37,1,0
BRDA:492,38,0,0
BRDA:492,38,1,0
BRDA:494,39,0,0
BRDA:494,39,1,0
BRDA:501,40,0,0
BRDA:501,40,1,0
BRDA:502,41,0,0
BRDA:502,41,1,0
BRDA:504,42,0,0
BRDA:504,42,1,0
BRDA:516,43,0,0
BRDA:516,43,1,0
BRDA:520,44,0,0
BRDA:520,44,1,0
BRDA:527,45,0,0
BRDA:527,45,1,0
BRDA:542,46,0,0
BRDA:542,46,1,0
BRDA:544,47,0,0
BRDA:544,47,1,0
BRDA:558,48,0,0
BRDA:558,48,1,0
BRDA:560,49,0,0
BRDA:560,49,1,0
BRDA:562,50,0,0
BRDA:562,50,1,0
BRDA:570,51,0,0
BRDA:570,51,1,0
BRDA:572,52,0,0
BRDA:572,52,1,0
BRDA:578,53,0,0
BRDA:578,53,1,0
BRDA:580,54,0,0
BRDA:580,54,1,0
BRDA:606,55,0,0
BRDA:606,55,1,0
BRDA:652,56,0,0
BRDA:652,56,1,0
BRDA:668,57,0,0
BRDA:668,57,1,0
BRDA:684,58,0,0
BRDA:684,58,1,0
BRDA:685,59,0,0
BRDA:685,59,1,0
BRF:118
BRH:0
end_of_record
TN:
SF:src/screens/SymbolLibraryScreen.tsx
FN:28,(anonymous_0)
FN:41,(anonymous_1)
FN:45,(anonymous_2)
FN:52,(anonymous_3)
FN:67,(anonymous_4)
FN:71,(anonymous_5)
FN:78,(anonymous_6)
FN:79,(anonymous_7)
FN:84,(anonymous_8)
FN:92,(anonymous_9)
FN:101,(anonymous_10)
FN:107,(anonymous_11)
FN:113,(anonymous_12)
FN:142,(anonymous_13)
FN:171,(anonymous_14)
FN:219,(anonymous_15)
FN:240,(anonymous_16)
FN:247,(anonymous_17)
FN:279,(anonymous_18)
FN:280,(anonymous_19)
FN:283,(anonymous_20)
FNF:21
FNH:0
FNDA:0,(anonymous_0)
FNDA:0,(anonymous_1)
FNDA:0,(anonymous_2)
FNDA:0,(anonymous_3)
FNDA:0,(anonymous_4)
FNDA:0,(anonymous_5)
FNDA:0,(anonymous_6)
FNDA:0,(anonymous_7)
FNDA:0,(anonymous_8)
FNDA:0,(anonymous_9)
FNDA:0,(anonymous_10)
FNDA:0,(anonymous_11)
FNDA:0,(anonymous_12)
FNDA:0,(anonymous_13)
FNDA:0,(anonymous_14)
FNDA:0,(anonymous_15)
FNDA:0,(anonymous_16)
FNDA:0,(anonymous_17)
FNDA:0,(anonymous_18)
FNDA:0,(anonymous_19)
FNDA:0,(anonymous_20)
DA:24,0
DA:25,0
DA:29,0
DA:30,0
DA:42,0
DA:45,0
DA:46,0
DA:52,0
DA:53,0
DA:60,0
DA:67,0
DA:68,0
DA:71,0
DA:72,0
DA:78,0
DA:79,0
DA:84,0
DA:85,0
DA:87,0
DA:90,0
DA:91,0
DA:92,0
DA:93,0
DA:100,0
DA:101,0
DA:104,0
DA:107,0
DA:110,0
DA:114,0
DA:115,0
DA:117,0
DA:118,0
DA:126,0
DA:127,0
DA:134,0
DA:142,0
DA:171,0
DA:219,0
DA:241,0
DA:247,0
DA:279,0
DA:281,0
DA:283,0
DA:296,0
LF:44
LH:0
BRDA:90,0,0,0
BRDA:90,0,1,0
BRDA:93,1,0,0
BRDA:93,1,1,0
BRDA:93,1,2,0
BRDA:100,2,0,0
BRDA:100,2,1,0
BRDA:117,3,0,0
BRDA:117,3,1,0
BRDA:126,4,0,0
BRDA:126,4,1,0
BRDA:168,5,0,0
BRDA:168,5,1,0
BRDA:191,6,0,0
BRDA:191,6,1,0
BRDA:217,7,0,0
BRDA:217,7,1,0
BRDA:224,8,0,0
BRDA:224,8,1,0
BRDA:228,9,0,0
BRDA:228,9,1,0
BRDA:245,10,0,0
BRDA:245,10,1,0
BRDA:252,11,0,0
BRDA:252,11,1,0
BRDA:256,12,0,0
BRDA:256,12,1,0
BRDA:273,13,0,0
BRDA:273,13,1,0
BRF:29
BRH:0
end_of_record
TN:
SF:src/theme/index.ts
FNF:0
FNH:0
DA:3,0
DA:34,0
DA:65,0
DA:78,0
LF:4
LH:0
BRF:0
BRH:0
end_of_record
TN:
SF:src/types/index.ts
FNF:0
FNH:0
LF:0
LH:0
BRF:0
BRH:0
end_of_record
TN:
SF:src/utils/MaterialCommunityIcons.js
FN:43,(anonymous_0)
FN:48,(anonymous_1)
FNF:2
FNH:0
FNDA:0,(anonymous_0)
FNDA:0,(anonymous_1)
DA:12,0
DA:43,0
DA:44,0
DA:48,0
DA:50,0
DA:53,0
DA:54,0
DA:64,0
DA:75,0
LF:9
LH:0
BRDA:44,0,0,0
BRDA:44,0,1,0
BRDA:53,1,0,0
BRDA:53,1,1,0
BRF:4
BRH:0
end_of_record
TN:
SF:src/utils/assetUtils.ts
FN:24,(anonymous_0)
FN:51,(anonymous_1)
FN:63,(anonymous_2)
FN:72,(anonymous_3)
FN:73,(anonymous_4)
FN:81,(anonymous_5)
FN:82,(anonymous_6)
FN:90,(anonymous_7)
FN:91,(anonymous_8)
FN:98,(anonymous_9)
FN:99,(anonymous_10)
FN:107,(anonymous_11)
FN:108,(anonymous_12)
FN:117,(anonymous_13)
FN:118,(anonymous_14)
FN:127,(anonymous_15)
FN:128,(anonymous_16)
FN:139,(anonymous_17)
FN:155,(anonymous_18)
FN:157,(anonymous_19)
FN:165,(anonymous_20)
FN:172,(anonymous_21)
FN:191,(anonymous_22)
FN:204,(anonymous_23)
FN:228,(anonymous_24)
FN:246,(anonymous_25)
FN:259,(anonymous_26)
FN:260,(anonymous_27)
FN:271,(anonymous_28)
FN:279,getSymbolCountByType
FN:280,(anonymous_30)
FN:287,getTotalSymbolCount
FNF:32
FNH:7
FNDA:0,(anonymous_0)
FNDA:0,(anonymous_1)
FNDA:0,(anonymous_2)
FNDA:0,(anonymous_3)
FNDA:0,(anonymous_4)
FNDA:0,(anonymous_5)
FNDA:0,(anonymous_6)
FNDA:0,(anonymous_7)
FNDA:0,(anonymous_8)
FNDA:0,(anonymous_9)
FNDA:0,(anonymous_10)
FNDA:0,(anonymous_11)
FNDA:0,(anonymous_12)
FNDA:0,(anonymous_13)
FNDA:0,(anonymous_14)
FNDA:4,(anonymous_15)
FNDA:356,(anonymous_16)
FNDA:25,(anonymous_17)
FNDA:6,(anonymous_18)
FNDA:534,(anonymous_19)
FNDA:0,(anonymous_20)
FNDA:0,(anonymous_21)
FNDA:6,(anonymous_22)
FNDA:18,(anonymous_23)
FNDA:0,(anonymous_24)
FNDA:0,(anonymous_25)
FNDA:0,(anonymous_26)
FNDA:0,(anonymous_27)
FNDA:0,(anonymous_28)
FNDA:0,getSymbolCountByType
FNDA:0,(anonymous_30)
FNDA:0,getTotalSymbolCount
DA:24,3
DA:26,0
DA:29,0
DA:30,0
DA:32,0
DA:33,0
DA:34,0
DA:35,0
DA:36,0
DA:37,0
DA:38,0
DA:39,0
DA:43,0
DA:51,3
DA:53,0
DA:54,0
DA:56,0
DA:63,3
DA:64,0
DA:72,3
DA:73,0
DA:81,3
DA:82,0
DA:90,3
DA:91,0
DA:98,3
DA:99,0
DA:100,0
DA:107,3
DA:108,0
DA:109,0
DA:117,3
DA:118,0
DA:127,3
DA:128,4
DA:129,356
DA:139,3
DA:140,25
DA:141,25
DA:142,310
DA:143,310
DA:145,25
DA:155,3
DA:157,6
DA:158,534
DA:164,6
DA:165,0
DA:166,0
DA:172,0
DA:173,0
DA:174,0
DA:175,0
DA:178,0
DA:182,6
DA:191,3
DA:193,6
DA:194,6
DA:195,1
DA:196,5
DA:197,1
DA:201,6
DA:204,18
DA:207,6
DA:210,6
DA:228,3
DA:230,0
DA:232,0
DA:233,0
DA:234,0
DA:235,0
DA:236,0
DA:237,0
DA:239,0
DA:240,0
DA:244,0
DA:246,0
DA:247,0
DA:249,0
DA:252,0
DA:257,0
DA:258,0
DA:259,0
DA:260,0
DA:264,0
DA:268,0
DA:271,0
DA:280,0
DA:288,0
LF:88
LH:34
BRDA:32,0,0,0
BRDA:32,0,1,0
BRDA:34,1,0,0
BRDA:34,1,1,0
BRDA:34,2,0,0
BRDA:34,2,1,0
BRDA:36,3,0,0
BRDA:36,3,1,0
BRDA:38,4,0,0
BRDA:38,4,1,0
BRDA:53,5,0,0
BRDA:53,5,1,0
BRDA:82,6,0,0
BRDA:82,6,1,0
BRDA:91,7,0,0
BRDA:91,7,1,0
BRDA:129,8,0,356
BRDA:129,8,1,267
BRDA:129,8,2,148
BRDA:155,9,0,6
BRDA:158,10,0,534
BRDA:158,10,1,534
BRDA:158,10,2,534
BRDA:164,11,0,0
BRDA:164,11,1,6
BRDA:166,12,0,0
BRDA:166,12,1,0
BRDA:166,12,2,0
BRDA:173,13,0,0
BRDA:173,13,1,0
BRDA:173,14,0,0
BRDA:173,14,1,0
BRDA:174,15,0,0
BRDA:174,15,1,0
BRDA:174,16,0,0
BRDA:174,16,1,0
BRDA:194,17,0,1
BRDA:194,17,1,5
BRDA:196,18,0,1
BRDA:196,18,1,4
BRDA:228,19,0,0
BRDA:232,20,0,0
BRDA:232,20,1,0
BRDA:234,21,0,0
BRDA:234,21,1,0
BRDA:235,22,0,0
BRDA:235,22,1,0
BRDA:237,23,0,0
BRDA:237,23,1,0
BRDA:240,24,0,0
BRDA:240,24,1,0
BRDA:247,25,0,0
BRDA:247,25,1,0
BRDA:257,26,0,0
BRDA:257,26,1,0
BRDA:260,27,0,0
BRDA:260,27,1,0
BRDA:260,27,2,0
BRF:58
BRH:12
end_of_record
